116851
116851
9437
85287
79955
79955
93992
100183
104047
93873
87200
174700
15617
107640
134167
88519
76163
88222
68549
74449
96860
79955
93524
62929
90182
94176
70383
90172
54840
81896
139438
88222
68549
104047
66147
42301
102362
126114
166392
99653
85287
88222
85026
78597
100728
66178
84703
85605
113231
107098
120063
124681
85894
76665
163883
71031
90659
157921
167264
100471
96437
10073
12536
198606
103046
111462
141624
80301
149548
111227
161491
39587
135605
81150
82634
69871
121647
161411
83304
118497
98861
81433
20100
75901
91363
106760
72924
67285
32695
137506
91190
79329
101700
135966
66091
70833
155748
66199
124661
91190
78723
95643
125720
45941
107319
73258
73221
133966
105750
80588
113487
68650
135899
45785
106969
27886
137434
175524
115521
68043
88519
85330
67178
164571
74642
92514
90205
166351
775
171610
83291
66942
144680
103547
103337
164073
189538
74963
63797
67856
75235
161675
114662
106273
110339
70615
126495
129021
7739
92577
68744
124185
70050
165712
113436
156439
100605
133752
80751
59261
13066
118936
86817
73056
74103
99535
73035
126434
106063
25584
162338
142086
22702
109685
6968
141599
131572
87694
26153
38561
92529
156081
11352
16214
111825
30259
144440
100143
161351
105914
103948
73714
78502
123818
67873
82249
112269
179646
67552
124332
100597
68043
90541
104788
82941
163024
84918
167053
104436
158876
8460
86724
80060
76357
22625
123062
28821
110315
100932
116927
90185
143817
134596
94301
84294
96963
104618
135283
146091
93031
90309
49234
29057
30011
69117
80462
112726
94223
43267
176117
74086
12312
138685
86295
115107
80111
85306
57961
135660
24602
69333
27197
112389
10228
102562
100065
70995
3501
73258
99645
136461
76054
101022
80402
88018
80485
85464
68418
69714
88725
125067
134864
119858
83443
72307
102037
79388
114364
152556
74907
40333
23249
115887
92257
42449
84897
49525
99161
147294
76837
75355
65653
91168
144211
116248
94468
78411
108007
84607
31210
68278
69769
72888
86001
172739
27071
70125
71578
65080
92498
87536
28575
37906
9731
163945
67864
101551
67984
129385
9407
69346
66490
80838
162020
85393
124562
93624
88433
76091
85317
88001
88044
126370
56149
71354
99987
72567
23979
101022
91636
175697
88101
72045
61430
34220
76787
132527
21138
7968
146256
68070
182704
106656
113509
80413
119521
132025
69956
51855
116694
144635
168931
139166
79598
129417
112269
86555
70178
66000
85314
150781
79547
67881
2761
149817
69531
22047
113097
121906
151536
67043
22480
54544
83884
90452
85738
75364
79446
107194
85589
95746
96701
32138
80839
88988
83083
72980
69739
78690
142512
83606
73897
44332
9858
138526
124404
104415
91594
110114
74627
70094
28684
88754
68487
105313
103697
88597
34572
58543
20391
81855
92745
74049
107595
37035
84227
70297
71514
79081
15207
11268
122758
105937
102826
25600
100361
101831
108875
75235
24482
103213
96762
82487
84977
1680
102809
103750
99746
69888
1795
112760
117441
90435
12449
75301
76769
106860
93184
1296
81634
97578
96117
813
100945
98116
86766
105230
89314
64011
105668
43567
21068
74965
32950
107594
67213
102607
74804
90331
98301
42107
61514
90999
66008
26630
70444
69922
107560
10097
6352
90044
78721
19298
106489
69897
70890
81718
22575
77601
94609
78398
13917
110659
59304
92062
82045
106628
60840
73888
99987
17181
73813
66393
78880
69724
104529
23783
41167
59875
49246
29989
66452
29951
85614
81764
77187
87338
24708
46978
69282
9877
16160
94441
89587
35255
91697
81155
78413
15975
64544
81690
16488
74160
99436
88235
39590
42825
96072
16798
71129
98185
85903
67865
11388
69717
42233
80029
75646
25057
92473
83719
32609
79538
69141
87056
47460
79338
18102
84629
56907
87576
38902
59964
32786
91066
76906
22876
54644
51409
99
81508
33706
45494
15820
8418
28525
77271
66048
3933
41402
55826
82209
70503
87386
65458
87474
45301
57773
90656
29948
72815
6338
76840
71217
28762
66029
70097
70490
12576
79110
3010
90774
25765
72040
40815
58633
76144
66099
86296
66657
64181
11354
81709
64276
40810
52025
83360
83447
71662
88663
86735
55489
57809
88266
41646
6690
64024
58447
74709
17131
80590
69194
27489
53517
70539
10226
12997
52891
19207
57754
9721
41240
64844
34954
89128
18848
9877
62491
76815
4769
18319
64185
10961
64374
33755
39876
33159
82348
40724
67919
69697
81439
48816
7429
37607
12020
75204
86683
41312
87686
70901
12326
39128
76761
66216
70578
19316
1618
74174
62237
60521
82192
54612
56546
51720
72145
79170
20695
100172
2
199938
