419
693
831
3088
3866
7002
315
120
7381
4849
7381
4177
7002
2809
5416
9642
120
7426
7290
1160
4562
2014
9376
10055
7514
3510
3462
6434
7095
4332
3883
5500
1777
2107
6162
8642
4896
6544
1340
7660
8452
1403
192
3228
7840
2962
5487
2552
8045
5034
2193
6778
8802
1098
1292
4404
6120
9803
1906
2611
3464
871
2881
3510
5602
585
5081
531
1104
666
5391
2247
2
4406
1764
9433
3716
161
1381
3105
2398
4834
6620
7573
7084
1440
4144
8212
3263
1764
7974
2533
3742
5918
1423
2363
3545
8510
161
8693
2096
9055
8445
4072
6179
4419
9935
6577
9799
1130
1808
1752
1514
5388
5748
4404
8977
5187
631
1160
458
9703
464
8908
7613
8706
2760
3675
8734
9051
2281
141
8003
7439
2783
5046
2
10123
