17676
4602
4602
39437
15139
29270
31347
2109
15405
26178
525
39437
3523
7372
15405
15139
16741
6409
4602
39364
11212
25974
25435
16741
923
31894
17394
26758
29195
16499
10969
35960
5798
18129
21500
4187
4187
25782
8192
7524
30774
32355
21500
26758
14866
28044
20287
12174
24047
8619
26490
1464
19041
15978
7025
35181
19014
7915
10143
36437
1499
11530
8616
32334
12609
10317
39874
22538
31723
8223
16804
10317
34320
16907
33243
15092
30444
26526
34209
16062
28071
3221
6694
9113
33481
3204
14259
38576
6609
32388
1655
5192
27403
36729
9566
39428
37214
16801
39150
29780
26810
38523
18838
1531
5497
1464
22307
26838
27425
7888
37944
13611
27663
26087
23583
2979
9510
13843
11212
35245
25908
10275
13426
5174
33846
29766
12479
26929
2462
24796
5461
17193
37214
14670
7824
20287
5528
19092
23962
4839
16337
12232
15195
31640
13447
37183
26150
3607
4872
17263
13357
33902
20790
11827
697
3527
25139
38747
8115
17402
26591
16879
10302
34002
16596
38306
9059
23083
19120
37254
8917
2729
1058
16014
39668
16184
5676
22862
7687
31200
26391
19443
22119
1582
28123
20225
2685
17843
32001
22542
37046
17772
35809
34753
17312
17921
36597
25756
33719
739
19469
32843
22411
25372
24584
37183
17972
13103
7082
14520
37333
16730
19821
34962
24513
40031
39778
8055
29212
38576
26053
12766
36246
6359
33760
14919
26029
38888
34061
5250
28217
12527
8416
1676
20163
4307
36229
4807
6235
36927
4594
29309
4778
11695
24264
33677
7932
30740
4162
7524
32569
24145
13695
23513
5222
22420
22073
13142
26740
19500
14077
9014
2120
22991
30502
18484
30352
963
6961
15114
8053
13628
9158
10080
8433
742
6527
24041
34061
11732
2184
22806
21594
12410
62
13359
38000
36031
8898
9042
2122
19444
17857
20125
2
40041
