12193
74730
74730
74730
80169
77482
77482
56656
73696
80169
73696
62247
30644
99713
96572
20882
7753
73538
26122
9179
83186
76375
81430
65645
22545
93570
59790
66136
58017
54575
80169
70437
20217
70351
99703
9820
33405
15355
73958
52992
79899
29013
67405
66485
77482
50107
51555
9079
65197
86680
59271
75233
92059
14354
52447
31681
74173
19951
4757
29870
58075
86885
84060
66041
80102
71195
45349
26699
879
65873
65594
9392
89399
74484
60973
92129
25422
70792
39524
52820
49263
57391
35836
25257
19769
20494
6677
37826
99429
47414
68104
64018
61571
25062
21394
42490
43012
96764
86749
54977
95008
81746
46470
29329
82653
95005
87678
27978
32258
32905
70032
22902
28720
71840
73832
90989
50251
31681
56511
70108
72844
39239
59412
33657
46759
62713
11298
22902
39323
67461
93900
87316
38002
59929
85266
11995
45003
48911
35385
92252
55380
39701
25724
35828
96089
40655
97861
63648
26955
83643
51478
24551
88398
91103
63408
29865
67643
68353
31719
95426
71360
8931
36685
68969
17487
81543
92712
12033
29602
91641
70576
80885
65938
31926
26902
23804
39093
8619
28378
66249
84823
90133
99703
82515
22310
70932
90729
48911
13085
33626
80176
35192
32528
64931
1593
74518
31370
71571
68099
74132
22691
66588
88370
33800
68766
78026
15990
70370
35977
21527
48076
78761
10564
37971
42650
23946
96569
26183
87612
47233
21577
97694
69248
78137
77813
81106
38801
50375
71708
97917
66824
821
70553
56308
66712
76852
23229
72321
3706
10821
21371
9339
31853
89331
39543
683
95069
57296
96959
92277
26987
95520
5130
80255
85076
93190
71451
28362
74534
62379
5356
71072
89312
73980
9850
67973
65382
86485
14943
83880
73400
61386
40707
11904
40263
30773
29798
2762
65064
10834
68092
15365
28809
12410
11112
22713
86883
24371
73397
40252
46380
6574
48996
72350
13930
39785
38767
6072
29701
68789
5404
8742
44123
93734
29832
18203
49277
22004
7606
68960
21201
24401
66552
86727
20572
49136
57995
54478
9287
43921
71673
25619
52603
21417
73832
3839
10625
21394
13930
36135
57208
58777
39155
49739
78794
62214
7720
81948
41324
29112
67399
84859
75414
45122
76839
69064
37739
66657
56116
46430
50783
2486
11574
58548
6507
4178
57201
75636
94538
74762
94967
36199
64937
79100
94698
2070
19984
64862
74429
41847
64687
66123
26994
86292
85876
10624
70746
74407
71861
16447
84950
45443
87847
9514
80955
65548
14948
86017
79513
81053
35101
22608
83932
11776
2379
36459
73541
13782
9802
48767
58733
45959
32877
61806
66224
38319
6458
2243
69787
37063
60753
26611
44613
32216
36666
38800
19245
51066
29917
3866
59215
64864
58269
27020
53619
76889
9941
50277
30919
72151
31548
56827
8271
64038
68127
23875
14088
45700
15981
44662
49928
2
99754
