71830
126100
128991
101839
125148
71052
41014
67737
41014
75633
85207
84290
126100
126100
70066
103017
153621
125148
69536
106543
135072
1537
71830
76725
73641
74179
91617
102759
66298
85430
45675
14529
65702
153134
45675
97266
98354
85207
132111
14529
149455
119787
78170
42106
102905
95119
90028
42682
106450
43146
66138
110649
83593
8271
12410
70267
73476
64967
77600
70736
86092
103017
99318
57894
111627
153134
34471
73755
85354
155055
74981
69464
103946
107191
98000
81175
100496
72704
67089
151992
146129
139400
14131
79058
67989
16657
68373
59233
41014
20728
140325
127661
118972
153754
151307
71965
144464
89277
107568
72660
86135
119817
74631
100552
67989
45934
45028
81465
15742
153483
66298
94866
94914
16946
52454
75406
39136
66283
140893
98069
66607
85669
113728
112121
67266
69464
80418
71330
41779
73016
73278
79252
99926
78741
105313
14322
72638
69658
110649
76624
91843
15153
89003
89829
154393
63017
101604
98827
104464
120394
128309
30712
71944
81948
90239
99800
93577
74273
23398
91125
104483
75607
86072
69535
114866
133351
905
103423
49745
46163
74663
123486
32039
113392
80655
88539
122816
116386
77495
108121
55190
72870
84165
76685
118789
95460
117495
106679
74360
47131
158323
16085
139296
40763
68488
25029
68078
153402
87612
74351
79529
131108
113186
53873
69091
130975
102492
52596
95972
76803
44768
74887
6218
85394
81293
151584
72700
18035
69858
6383
138190
151744
145152
79486
106450
109255
32216
79763
114033
45840
70937
22884
101932
21162
100457
47131
156690
59597
125567
78885
109739
36540
125559
30519
100513
104590
28392
89668
57654
4680
112865
26902
15014
138871
76766
44934
37572
19711
101759
78658
152371
66933
142697
58495
17354
142161
144977
9660
144089
32148
70355
15742
80958
89197
89930
77710
62785
88088
41885
78361
73975
87182
60921
82005
72503
80755
107361
119668
43586
27313
118375
124246
80904
130199
107384
19018
142203
130416
74243
126974
86828
23212
77904
91891
24059
54116
66371
142463
5631
25625
157958
75658
151715
95367
142608
32123
46416
78681
56008
66972
90625
46243
68543
24861
86383
152176
141677
56065
18473
109414
73708
41146
99886
148836
35931
74437
80121
8434
142589
47880
828
55709
40426
71631
6258
154296
89792
66919
140412
98342
139432
69706
149943
40803
40730
88126
115365
121931
4417
112646
122712
9747
78296
35294
77127
98073
54350
73021
44325
78092
79537
95850
75387
68998
52808
5484
86855
32901
110917
115763
125706
91835
106437
46464
35828
34444
68520
81072
73870
94779
66975
69006
55793
72162
65823
64912
74342
70208
99462
70410
110585
66244
86113
109558
89470
11611
96666
66559
499
90150
65155
69300
46426
78608
93935
30361
90444
80006
92229
44126
80190
12410
29633
75924
32114
46907
73162
5398
42352
53147
102644
104079
16094
79327
88083
100650
6258
87649
11761
101344
71546
33334
72365
69172
99551
97446
32914
25144
98052
94703
48076
43193
78964
213
64409
92727
25682
33145
65888
19491
75623
47275
41779
68193
82806
35672
18013
95045
91609
35354
73269
40626
96278
30270
85962
10629
54454
89347
91328
94717
74408
66689
79797
66982
18976
18853
53586
75903
51603
87117
68607
74156
59196
83271
83149
22128
68070
31307
2541
52880
82253
5362
48078
63677
84775
41266
58078
42622
23073
16086
15425
18285
50069
14288
72583
28288
69315
65628
79223
21238
75101
81157
23621
16445
8311
73532
10377
79632
20085
65529
49468
40041
69088
2737
3331
80577
57051
39999
6753
8309
3155
76390
47122
10270
65723
15585
5599
76957
32739
36627
79250
24550
79066
7750
79846
2
159737
