617321
11617
27877
23593
28368
15606
10570
5485
8283
4043
15327
13118
683
6039
16186
4658
9436
19586
8031
15830
1885
13170
543
3092
1346
397
2064
15448
7675
1000
2059
5041
774
16717
1505
6203
1080
1743
16149
1827
21891
17060
17996
19142
5585
24474
2664
6391
18044
24482
15114
13214
10336
20370
27499
6268
5066
24201
5214
4844
13300
16221
6412
12213
19513
16323
23827
16547
6413
6112
7112
20775
8112
26279
6918
7698
16667
26077
14190
26581
17575
7423
13454
11489
9669
11682
26664
16417
9199
9506
9377
14024
8829
9218
15262
11822
9181
9945
11343
10026
10814
11358
11572
10396
20241
14672
21151
11420
17396
13507
20699
14157
12996
18487
21413
27221
27376
22708
15166
15449
15235
14979
15216
15691
16600
28439
15877
23162
16068
27510
17527
17135
18902
18498
19304
18875
19332
21758
18255
19823
19230
19327
21185
19864
20695
20877
22158
28077
23295
23282
23099
22817
22684
22923
22588
24162
23493
24863
25303
24249
26004
24452
24888
25056
25666
26016
26773
26301
27116
28556
28134
27302
27849
28652
27907
28903
29174
29117
29606
29038
29908
30640
31890
31101
31876
32063
32291
33404
32743
32981
33585
33055
34243
33957
35269
36983
36737
36341
37938
36999
37537
38651
39331
38937
39962
39954
38773
40775
40657
40183
39987
41529
42212
41951
41229
43112
42928
42792
43019
43546
44354
44608
45356
45933
46655
46291
46792
47636
47931
48010
47504
48559
50231
49343
49778
51128
51011
51036
51678
52576
52877
52687
53569
54317
54065
55499
56057
55226
55854
56068
57627
56909
58371
58787
58526
58693
59255
60579
60669
60417
60289
61788
61376
62542
62456
63194
63727
63684
64369
64950
66005
66208
67175
67310
66058
66931
67398
67940
68677
68452
69189
71046
70367
69705
71512
70549
71657
72435
72355
72068
72680
72817
73085
74042
73639
73768
75783
75838
76345
76869
76970
77604
78709
78613
79209
79124
79501
80216
80728
80291
80663
81938
81228
81451
82968
82761
83852
84893
83983
83929
84933
85419
86390
86703
86916
86873
88448
89299
88724
90365
89895
89968
91121
91238
91562
91762
92807
93512
94884
93972
95871
95889
96321
96520
98540
98144
99129
98635
99813
99925
99672
100485
100466
100914
101378
101512
102275
102823
102374
103496
104687
104426
106076
106344
105474
106672
106847
109371
108168
109727
109986
111030
111137
111720
111526
112619
114120
113842
115302
114290
115413
116303
116757
117796
118504
118587
120006
120741
121359
121930
123004
123025
123750
123106
124069
125316
125106
126265
126665
128115
128745
129579
129840
131211
132540
133542
133992
134072
135660
135018
135988
136122
137158
137818
137744
137893
139633
140255
139488
140174
141525
141024
142075
143656
144014
144598
145101
146516
146152
147888
148363
149979
149669
150151
152268
152922
152981
153792
154801
154192
156568
156785
157831
158546
159683
160994
161280
161368
161317
162186
162903
163818
164677
165117
165570
167411
166841
168004
167510
168916
169519
170978
171493
171550
172955
173053
173968
174533
175551
177535
179233
178848
180636
181878
182718
183992
184616
184812
186085
187706
187675
187474
188011
188822
188776
190858
191709
192864
192467
192799
193727
194292
195209
195321
194969
196667
197447
197964
199124
200518
201820
202859
203345
204487
205620
205865
205646
205864
206402
207546
208860
209754
212052
211318
213531
214033
214678
216967
217105
217146
218254
218785
220349
220340
220566
223684
223605
222639
225249
225190
225401
227152
227978
228504
229008
231407
232624
232589
233208
234735
236301
236790
238485
239633
239989
241245
242033
243392
244655
246702
247008
247136
248811
248936
251706
252884
252650
253611
254323
256304
257097
257411
256816
258034
258848
259670
260943
262512
262313
262443
263799
263845
264536
265802
267694
266885
268390
269619
271243
271793
272734
274675
275104
275874
277120
278284
279582
280743
281882
282582
282897
282390
283415
284878
284397
285994
287977
287863
288809
291379
292645
293271
293971
296619
297447
298891
300258
301507
302515
302879
303270
304208
304322
305706
307098
306214
307911
309538
311187
311502
311591
311878
314566
315593
316537
318479
317687
319075
320804
321215
323443
323575
323294
324824
326200
327713
329472
329885
331449
331645
332147
333593
335192
336144
335825
336198
337309
337988
338242
340073
341859
343410
344246
345158
346171
347514
347422
348633
350425
350925
351967
352562
353421
354149
356516
355947
355889
356897
358604
358782
360909
362029
362959
363304
363642
365083
366744
366487
367442
367948
368866
370386
370949
372085
372748
372846
373866
376350
376635
377703
378842
379444
380829
381949
383025
384987
387098
386231
387979
388819
389839
390326
391577
392713
392460
395327
395622
398621
400333
400614
401602
403069
403312
403879
406386
407432
407364
407260
409786
411238
410159
412598
413730
414874
417373
416161
416328
416680
418171
417833
418628
419576
420823
420797
421204
422870
424293
424208
426665
426281
428228
428955
429430
431406
434546
434527
434296
435813
436413
435462
435761
437273
438516
438541
439106
440391
440483
441894
442881
444117
446293
447876
448951
450148
450614
451814
453531
455643
456890
459031
460249
461762
462965
464193
465311
465670
468300
469160
469050
470724
472639
472640
473825
474429
475191
475456
477278
476585
478184
480294
480101
482099
482759
482520
483711
485275
486632
488275
487860
488380
489480
490694
492290
493163
493271
495627
498915
500274
500491
500517
501430
502539
503840
505174
506790
507531
507913
509151
509414
510700
512422
513622
515653
517849
519132
519673
521508
523102
522634
524561
525181
526033
527501
529773
532506
533693
535264
537667
537897
538055
540021
541071
543016
542903
545549
547786
547712
547416
549568
550927
552377
554465
554434
555528
557231
559285
561007
563209
563714
564552
565709
566935
567759
569961
570732
571604
573025
575496
576819
578927
581241
582381
583399
584752
585611
587066
588691
589515
590991
593394
593608
596359
598112
599547
600967
602544
604775
606768
609948
611820
612170
613576
613900
615785
618552
619953
620188
621612
623120
625660
625124
626164
625978
629716
629730
630699
632862
635090
635633
638173
639923
640390
643248
643544
644235
644452
645104
646120
648560
650890
651018
650597
652264
654974
656725
656905
659364
661181
663118
665500
665291
666245
668049
668215
670898
672732
674258
676497
678744
679842
681061
682180
683963
685182
686103
687617
688934
689266
691124
692854
696045
697260
699073
702052
705196
705429
705835
707777
711096
711093
713137
714190
716211
718455
720509
723341
724187
724166
725398
729718
730872
733352
736767
739228
740414
743474
743317
744205
745385
746639
748414
750023
751368
753922
756298
757852
760946
761384
763961
765345
766328
768010
770696
774365
775877
776391
777295
778539
779463
780280
780616
