126082
1219
1407
27425
5892
15341
733
15062
3716
10394
662
12725
5172
11158
1543
2107
20512
7563
5837
2985
6152
7222
3181
8586
26759
9678
20659
2784
29207
8731
22721
22099
7014
23455
7591
7595
3433
22369
6439
8018
16000
22699
7692
2796
27621
5210
15335
29094
2912
16412
12158
13403
3498
19000
21243
10352
8149
28510
28270
18892
18288
29724
6489
8204
5521
5928
27122
5386
13506
5391
8373
9927
27444
7678
9458
11760
8823
9719
7929
16157
7477
29050
28827
7688
8204
9171
8488
19325
28349
17099
21007
27835
8917
9174
10089
17249
17518
10103
9747
10751
18407
10880
11548
10941
11191
11652
11785
11309
12570
13524
13281
12516
12501
16290
22343
13572
29164
19422
14934
12758
18264
14298
19039
14578
13668
19436
14232
19991
14689
15279
21490
21540
16196
15597
16139
15961
17723
17460
18113
19945
28185
28317
20825
20174
28432
19862
20987
20647
20228
20370
20211
20602
21514
21917
23197
23589
24111
23315
23370
25405
23938
24489
25353
25166
25866
24313
24529
26164
24749
24889
25209
26830
24566
26616
25397
25303
26762
26831
25701
26016
27728
27259
26783
27008
26769
27636
28808
29916
29737
29215
30316
29509
29968
31489
32216
32457
32287
33622
33664
34997
34866
35321
35194
35664
37532
37746
37195
37967
39534
39642
40041
39441
39893
40364
40416
42197
42479
41894
43357
42522
42817
43893
44323
44131
44541
45022
45772
44916
45711
46289
45794
46428
47380
48103
48284
47199
47810
49403
49118
48605
49361
50472
49947
50804
51210
51065
51489
51929
51383
52440
52850
52685
52869
53863
54507
53531
53800
54062
56020
55777
55567
56449
57772
57886
56788
57900
57994
58591
59350
58543
60303
60129
60824
60803
61097
61505
62277
62403
62147
62583
63564
63558
64105
65724
65009
65028
65560
65449
66488
66930
67074
67703
68250
67380
68166
68413
68598
68841
69466
69153
70106
71161
70500
70080
71015
72389
72346
73242
73723
74042
74347
75026
77007
78199
79843
79467
80988
80237
81724
82122
82386
82788
82863
83627
85569
84737
85875
85433
86276
87990
87622
88302
89446
88825
89273
89328
90757
92407
91317
92705
93085
93540
93933
93747
94696
95690
95612
96494
97457
98290
98250
98761
99927
98891
100113
100102
101041
100851
101142
102701
102199
103130
103203
103846
104060
105983
105810
107188
107486
107498
108205
107833
109581
110890
111551
111618
113587
114511
115212
116088
115212
116989
117146
117773
118283
120042
120798
120794
122058
121936
123125
122820
123038
124216
124100
125779
126285
127022
127566
126630
128138
128950
129424
129368
130523
131115
131560
132712
133869
134232
135251
137411
137017
139025
139529
139551
140008
141006
140186
141015
142107
143549
144466
145746
146363
146962
147743
147980
149807
149276
149866
152352
152417
152985
154714
155798
156197
156155
158598
158409
160669
160497
162098
162274
163236
163213
164101
164142
165947
167326
168534
169653
170216
169875
170211
171804
171674
172948
172403
173729
174327
174862
175652
176412
177587
177680
177649
179467
179628
180862
181739
182431
181447
183730
183037
183428
184226
185119
185309
186205
188581
189272
189093
189513
189886
190783
191738
191028
192853
193653
195220
195269
196570
198460
200492
201478
202096
202623
204797
205496
206699
