129050
8437
3051
5993
3362
17632
22734
799
459
20986
23875
7053
5257
3316
14481
9738
254
486
2555
23878
6199
14120
9060
12776
15962
11552
967
2831
13483
1686
4201
17964
838
8932
10234
2285
1883
13221
11484
13196
20712
9932
3157
13092
3924
7253
3502
6066
5009
23239
17190
17331
15784
3194
2634
2854
17979
6024
13102
3816
6941
23739
13353
6463
4581
20955
22091
19350
7617
13014
4242
21146
5491
5859
13058
17561
11960
8158
15326
6693
15659
21813
15294
6796
7771
8846
8057
8166
13260
7790
9830
8676
9531
8840
8795
12910
9208
11852
17659
15457
11112
10186
10079
10213
15111
12690
11418
10704
11227
11138
10829
11610
22561
11363
12441
11317
11805
13422
23230
12369
12781
13576
23642
19085
13973
18057
16054
15158
16930
23676
15845
16266
23812
23764
19561
17550
18774
18049
20387
19836
19950
20332
20765
19813
21301
21718
20124
20511
20426
20788
21007
23155
23285
22381
24472
22672
23189
24172
24485
23926
24054
24112
24815
25502
26514
26019
25890
27092
26562
27769
27718
28239
28680
29334
28299
30008
29925
29867
29414
30043
30644
30285
31022
31002
31719
31791
32188
33416
33219
33362
34218
35083
34612
35820
36131
36059
36694
36761
36670
36516
37147
38430
38580
38053
38779
38723
39399
40316
39689
40367
41708
40876
42324
41716
41593
42593
42987
43130
42881
42985
43825
44151
44462
44907
44536
45903
45821
46986
46671
47157
48102
48581
48844
48377
48293
48881
49018
50524
49941
51628
51350
52079
51372
52516
52954
54094
53966
53819
53551
54099
55357
55055
55918
56504
56804
57346
58173
57750
58916
59159
59655
59656
60304
60409
59847
60732
60606
61926
62153
62260
61852
63558
63988
62988
63478
64313
65032
66442
65701
66231
67632
67136
67875
69144
68921
69063
69557
69506
69049
69352
70222
69915
71153
71001
71250
72530
73075
72822
73566
74577
75276
75677
76693
76026
76542
76891
77967
78715
79229
81033
81794
81298
81404
81956
83159
82513
83361
84816
84199
84932
85273
85026
87371
86715
87399
88240
87521
88649
88965
90169
91258
91671
90844
92255
92794
93925
94056
94644
94848
94697
96801
96142
96995
97581
98812
98651
99305
99731
101466
101529
102627
102620
103772
103789
104896
105033
104104
105538
106417
107008
107553
108731
107903
108229
108455
108889
109864
111649
110919
111963
111527
112486
113405
114309
113533
113897
114272
114391
115196
115744
116624
116458
116699
117226
118735
119328
120163
119799
121847
122470
122811
123662
123592
124598
125849
125537
126631
127902
127083
128026
128876
129390
129187
129259
130315
131448
132585
132968
132407
132378
132555
134308
134476
134611
136112
137416
137849
139281
139673
139443
139991
141188
141161
142885
142303
143818
144005
144509
145037
145796
146920
147514
147631
149500
149662
151767
151865
151995
152655
154425
154513
155598
155898
157511
157148
159011
158504
159879
160603
162081
162342
164387
164466
165642
166337
166449
168568
168791
168686
171352
170863
170943
172037
173399
174496
173721
175333
176182
176569
178016
179484
180013
181211
182355
182425
183208
184788
185861
186022
186944
185967
186997
188166
189405
189816
189939
192034
193230
193539
194382
195928
197199
197499
198791
199347
199346
200589
200386
202054
203033
205259
