115873
16329
8864
25362
239
9247
107
4908
24622
9001
19993
22918
8149
21556
10380
4527
6267
10430
16950
27497
5077
21050
411
4424
23193
13434
4961
4793
21577
14751
854
3918
16308
27259
13692
16584
14660
1181
23715
6943
5317
9441
6006
11273
21832
3335
18916
3002
11457
20456
4604
7218
2109
25231
5428
24154
8856
23367
21996
7409
4548
17715
9843
4539
21056
12736
9350
25571
5413
4899
14517
6497
24245
6011
12410
6235
10589
5624
20274
6062
7498
15870
18179
24987
26579
22371
10369
7343
10945
7493
8329
11820
8882
8465
12116
11667
9480
8948
19026
26062
10366
10909
21176
15279
11214
12561
19037
21600
13501
19858
13517
21906
13314
13812
13639
13176
25718
15692
14802
14132
15193
16401
14984
14965
15668
15563
18344
19428
16576
25962
16769
16454
17904
16509
22174
18191
17786
17524
18714
18435
18139
19708
18013
22915
19725
18986
18654
18764
20081
20624
20136
20339
21584
27188
22538
20617
22955
27563
23943
22678
22897
25008
24425
26753
24496
24546
24941
24797
26420
26272
26433
27449
26253
26578
26677
27104
27932
27929
28731
28982
28318
29194
29671
29695
30543
30475
30984
30543
30764
31333
31493
31935
33166
32739
33144
33844
33246
33926
34088
34246
35490
34970
36163
37152
35851
37040
36957
37189
37344
38128
38547
37890
39364
39387
39151
39772
40238
39290
40352
40925
40224
40732
41384
41315
41283
43196
42929
42805
43337
42879
43556
45014
45943
45718
45760
45821
47472
48301
46989
48782
48603
49360
49709
49728
49774
49693
50340
50690
51399
52393
52235
52597
53042
53649
53098
53852
54697
53929
55315
54871
55691
55224
56380
57067
56663
58049
58051
58646
59752
60739
60937
60035
61018
60854
61798
62365
62437
62248
62676
64138
64283
65338
66043
66192
66865
66832
67071
68053
67872
68132
68254
68703
69324
70296
70347
70582
71094
71333
72232
73615
73460
73431
74777
74677
75237
76013
75832
76679
76832
77343
77496
78225
78601
79347
80245
80005
80461
81477
81964
82287
82947
84166
83923
85390
85514
86549
86720
87226
87582
88600
88799
88580
89877
90360
90264
91465
91545
92636
92823
93444
95262
95514
94834
95968
95408
97410
96583
98061
96987
98027
98351
98305
99832
99355
99865
101097
101999
102756
102585
103867
104296
105650
106805
107428
108421
107351
108759
109638
109275
109508
110030
111124
110934
111810
112718
112544
112363
112578
114342
115071
115182
116544
116681
117911
118423
118775
119170
120020
121726
121732
122038
122698
123128
123681
124002
124203
123831
123396
124788
123810
124665
124807
125971
125017
126614
127233
128183
128511
129496
130552
131127
130492
132529
131627
132634
134188
134779
134685
135925
136164
136097
136756
137263
137112
137054
139005
138239
140707
140626
143000
143838
143902
145213
146080
145695
147587
148061
148527
149218
149907
148808
150582
150573
150800
151306
151842
153152
154700
154757
155246
155752
157154
157247
157244
160067
159744
160860
162440
162485
163564
163442
164973
165748
166691
165822
167442
168134
169291
169022
169792
169346
171040
170965
171052
172395
172994
174722
175404
175523
176851
176478
178283
179613
180397
180954
182304
181828
182816
184243
186274
186671
186879
187220
188945
190945
192376
192093
193041
193194
194032
195263
