595608
14630
10915
2526
13562
21866
1577
2317
2985
20204
4951
13346
18265
4370
2223
248
21515
17540
1232
25425
20778
1510
1804
8922
1163
11538
2515
25322
10054
19513
4478
3210
24234
2606
23764
21712
2642
4519
16149
17654
3710
5546
2953
22249
27100
11546
7762
5342
11086
4172
4803
4796
11807
19227
6095
8185
22472
8172
6769
5729
6458
12322
18581
8104
6147
6116
16787
6263
22433
12775
7629
25465
7485
8321
8718
24827
8303
7198
7567
15701
7824
7625
7979
22497
8020
17395
9848
19282
13023
10212
23784
10013
20182
22957
18185
23472
14283
24910
11317
24621
13362
10399
24036
10746
14272
11274
27380
12628
11797
18958
12680
12804
26231
14012
13513
13846
13171
16706
15163
14187
13832
15433
14070
25258
14459
16584
18461
16513
16609
15852
17873
20325
16924
18310
17311
17594
20334
26065
19165
20220
19843
19959
19967
20733
19920
20625
22334
22096
22219
21684
22301
22102
22102
23946
24570
23261
24087
27294
24658
24767
24226
25703
25444
26249
25708
26509
27272
26683
27304
27279
28133
27490
27842
28081
28508
28810
27867
28656
29555
29676
29446
29403
30519
30360
31018
31541
32153
31672
31918
31915
31926
32931
33043
34585
33631
34766
35894
34589
35388
36146
36558
36828
37509
36653
37628
37233
37846
38220
38165
38861
38667
40760
39945
41210
40960
41270
41111
41652
42949
42449
43106
42659
42482
43900
43420
45223
45043
45371
44105
45175
46084
46413
46826
46500
47464
47404
47611
48458
48807
49387
50341
50388
50808
50260
51533
51158
51506
52183
52531
52288
53138
52817
53523
55008
55234
55282
56176
56773
57183
57524
58319
59223
58775
60380
60983
60860
60508
62189
62913
63373
62841
64371
64570
64076
64122
64595
64886
65819
66792
67081
67847
68743
69439
68822
70166
69638
70132
70623
70822
71307
71963
72593
73410
74219
74210
73426
74353
75877
76550
76856
77104
77279
78085
77623
78860
78424
79434
80775
81107
81370
82062
82139
82747
83588
84256
85358
84633
85535
86305
86924
86991
88054
88668
89853
90286
90487
92070
91685
92239
93229
94095
93763
95245
95718
96001
96765
97360
97776
98577
100442
100046
101901
102879
103566
103786
104723
105257
105728
106031
106070
106736
108188
108255
108476
108534
108813
109726
110109
110732
110947
112136
113246
112916
113004
113419
113841
114454
114937
115714
114930
116469
116853
116612
118572
117763
118492
118947
119960
119025
120213
121224
122249
123568
123633
125592
125446
125490
128082
127707
128482
130029
130207
131042
131733
132099
132164
133144
133930
135647
135959
135324
136129
138582
138821
139779
139603
138869
140076
141350
141655
142729
142665
143244
144896
143965
144484
146329
146237
146641
146683
146998
148653
148527
149103
148715
149372
150407
149928
151475
153105
153340
154925
154928
156362
156674
157684
158161
157656
159188
159801
160754
160600
161754
162255
162548
164258
166074
166386
167441
167645
168734
169779
169854
170384
171532
170616
171223
172720
173510
173392
174563
174865
174818
176447
176774
177057
177790
178351
179117
179800
180014
181046
183021
183164
183976
185124
186059
187825
186528
188558
188898
188639
189269
189285
189996
190215
191208
192691
193164
193575
195036
194729
197114
196647
198723
198698
198480
198653
200522
200525
200441
202451
202404
203665
203774
203814
204718
204665
205322
206695
208380
208338
210144
209693
211378
212048
212335
214349
214668
215681
216168
216635
218239
217777
219799
220489
221414
221105
221729
223189
223649
223711
224502
224777
226366
225659
227114
228630
229309
230474
231969
234264
236704
235877
236582
236750
238619
238286
239154
240245
241284
242517
243624
243766
245220
246617
245889
248146
248443
250052
250538
251498
252099
252985
252974
254709
255284
257269
256872
259378
260295
261445
261540
263018
263189
264700
265895
265972
267121
267288
268034
268869
270742
271282
271454
273378
272933
274175
275563
276371
278145
279199
280375
280781
282108
283072
283276
285422
285238
287090
287866
288185
289102
289607
290538
291676
292745
293068
295086
295564
295710
296480
297155
298442
298933
299460
300024
301721
303454
304326
305765
307503
309709
310690
309893
310683
311469
312963
313776
315833
317767
317871
318741
319862
321014
320435
321106
323362
325139
326944
328155
329555
330840
331455
332521
333514
334973
335197
336836
338127
339396
339298
340591
342315
343894
345897
345643
346261
347009
348328
350567
351585
353995
354305
355057
357722
357863
358653
359738
360738
362137
364245
364546
366818
367880
368537
368990
370816
373060
374768
374210
375119
375296
377338
377240
378574
378808
380270
381097
383146
384408
384744
385657
386208
389023
388678
389881
391390
392970
393072
393796
394828
396004
397285
399201
399226
399965
402583
403958
405275
405578
406516
407535
406908
407436
409187
409719
411143
411115
411700
414153
414480
416273
417023
418708
420180
421474
423991
424053
425832
427769
428564
430101
429529
430595
432882
434918
435115
435741
437248
438955
439397
439981
440268
442253
443128
443615
444961
444870
447827
447691
449145
450461
450965
451468
452615
451922
452903
454445
455711
455298
458262
459068
458911
459810
460183
463557
463407
465185
467210
468140
470303
469657
471455
472119
473998
475407
475687
477339
477449
479754
480584
482724
483582
483948
484776
485799
487171
489250
488140
490860
491853
493549
495657
495213
496136
498998
501346
500836
503686
503704
505791
507321
508378
510864
511776
512103
515277
515767
516886
518642
520248
520470
522813
524328
526057
528145
530096
530146
529526
530318
531953
533305
536041
537624
538876
538978
540202
541455
543941
545751
546143
545776
546709
547115
547788
549363
549402
551195
551639
553988
555621
556735
558154
558357
558682
558861
560869
561011
563302
564474
565886
567357
569433
572404
573613
576963
575824
577411
577150
579491
581035
582096
583213
583680
584406
585370
587172
588311
591011
591384
593547
595510
594916
597442
597901
598017
599621
598951
600144
601658
602968
606003
606563
607609
608283
609697
610297
612234
613637
614018
616063
615632
618580
619595
619053
621212
620369
622931
624592
625091
625595
626813
629744
631140
631973
633337
633485
633854
636126
636683
638747
639912
640911
641239
643860
643932
645062
646100
647704
650599
652244
653011
654242
656725
658110
659902
660708
662031
664396
665515
667485
667996
671908
674151
674716
677664
677349
677959
679742
680157
679475
681987
683823
686487
686879
690467
689850
692062
694061
695689
697450
698666
700213
700537
702348
703214
704554
706422
709035
712064
712370
714503
715588
716924
716549
717518
719533
719984
723171
724084
725908
727646
728554
729722
729809
730892
732194
733607
734603
734158
735761
738364
737389
738367
738300
740453
741587
743048
742605
744422
744357
747095
746527
748727
751320
753192
754634
755081
754853
756905
