627576
7699
2878
1007
18940
3181
22256
3486
18242
12641
3734
278
9595
9333
18346
1743
391
1476
6937
2200
2737
580
21943
18696
2338
12597
8283
18646
12713
10223
6402
3743
12388
11179
3579
21201
4576
8047
2440
2876
23789
4292
12887
15300
3708
6453
16559
6884
2071
14318
7900
3864
3158
21460
3255
2986
17101
4126
25140
6742
4540
3707
4017
5660
4240
4751
4702
5613
5456
16248
5705
4758
15934
11168
5368
6955
19111
8483
5583
10539
7845
20765
6557
6027
8493
7021
19281
6669
19756
9605
7566
10877
14050
10911
14248
8663
9966
13203
18255
22548
10374
9288
10148
19127
9458
9321
14954
19286
17138
11299
14650
11260
11457
12274
12239
12201
12496
19552
17281
14960
18058
14711
13003
14581
24488
14289
14492
14702
20136
24612
16705
24498
21250
17715
17441
17182
23688
17502
17024
21844
18903
17955
25336
18846
19594
20129
24984
22216
20682
23038
23457
22903
20895
22821
22225
21959
23652
22827
22917
23430
24125
25607
24317
24999
25722
25538
27780
27248
26977
27024
28226
27869
27722
28415
28292
28843
29181
29539
28960
30286
29257
30409
29820
30912
30853
31072
31604
30979
31927
32032
32076
33642
33428
33700
34329
34928
35566
36495
36315
37216
36273
37870
37211
37729
39638
39429
39659
39884
39968
41901
41738
40997
41927
42855
43285
43985
44096
44969
45703
45728
45922
46409
46214
46547
46324
47759
47398
48008
48656
48865
48973
50208
50115
51593
51379
51296
52506
53073
53933
53448
54193
55098
54264
55317
56073
55733
57370
56724
58085
58318
58523
58316
58230
58291
59589
59283
59686
61484
60999
60909
62109
63053
62408
63359
63487
64514
65538
65867
66908
67246
67624
68240
68278
69055
69006
70056
69154
70101
70827
71305
72284
72364
73056
74379
74759
75001
75605
75316
76695
77360
77581
77848
78780
79969
80478
80953
81295
82840
82876
82778
82578
82888
84192
84387
85587
85662
85421
86006
87578
87697
87088
87830
87404
88332
88692
88757
89227
89600
90817
90365
91225
91794
91911
93155
92285
92786
93201
93257
94168
95274
94442
96106
95490
97026
95880
96873
96366
97389
96594
96601
97489
98172
98083
98595
98575
99734
98679
100207
99327
100443
101881
101804
102651
102112
103285
103881
105297
105627
105308
106807
107160
108058
107730
108683
108707
109147
109770
110038
110933
111695
113163
113172
114936
114027
116227
116868
116989
117368
116864
117800
118750
119681
119101
119732
119355
119718
122073
121681
123537
123372
124135
125396
125610
125352
126109
127750
128679
128238
128429
129012
129706
130188
130469
132317
131886
133367
133049
134859
135077
134868
136127
136354
138826
139108
139481
139312
140074
142108
143288
143975
143934
143959
145531
145370
146431
146599
147152
148442
149109
148896
149979
151259
151446
152116
153405
154363
154165
156314
156592
158464
159096
158948
159367
161529
161411
161696
161678
164499
163555
165389
166633
166574
168661
169763
169026
170688
171367
172688
172237
173235
173518
173558
174336
174768
175285
176369
176643
176746
178991
180180
181483
183045
183714
184504
185870
186682
186399
188340
188874
189287
190563
191405
191270
191907
193089
194114
193084
195027
196902
196694
198224
199280
200157
201605
202738
204968
205603
206643
208165
208856
209049
209601
209340
209645
211092
210795
211510
211991
211582
212415
214712
214865
214953
216043
218338
218625
219163
219949
221815
221377
222575
222344
223049
223845
223765
224488
225462
227566
227442
228986
230024
230608
233108
234833
235305
236406
237381
237601
240431
241094
240002
240463
242786
243215
243756
244825
246018
247396
247622
247518
248996
249416
251063
252475
252744
253525
255339
255884
256010
256330
257016
257531
259938
259407
260026
260922
262225
263619
264226
265654
266503
267107
268179
269256
269826
270684
271011
272503
273745
274658
274485
276497
277166
276209
278002
279645
279092
280168
282328
283570
284206
285777
285975
285890
286941
287930
289583
288774
289590
290425
290970
293048
294011
294309
295490
298014
298536
299174
300560
301382
303282
304239
305250
306778
308302
308750
310137
310551
312298
312953
314216
316051
316645
316869
317839
319449
319721
320960
322742
324205
325720
325906
327207
327754
328223
328932
330960
331446
332129
334118
335849
337188
338396
338931
340862
342234
341666
344061
344547
345703
346655
347823
350144
349838
351341
353177
353356
354273
354283
355447
356754
358411
360171
361453
361377
362583
362229
364901
365126
366127
368362
370141
371485
371101
372479
373612
373807
375787
376680
377128
379253
381176
381394
382511
384846
384732
386691
387329
388961
389014
389974
390497
391114
392312
394344
395994
397407
397322
400279
400669
402048
403593
405462
405984
406739
408014
409555
410296
412230
414779
415103
415368
415592
416421
418479
420748
422190
422465
424018
426340
426343
426181
429179
429434
430102
432630
432944
434814
434982
435173
436233
436129
435749
436671
435912
437417
440098
440944
439848
441485
442481
442431
444508
445913
446019
448474
449924
450441
451474
453088
454699
456018
456977
459107
460701
462683
463724
464833
466231
465740
467743
468000
469009
470839
473686
475885
476088
477392
479206
481120
481308
482171
483599
484855
484813
487442
488152
489913
491231
494482
493810
494491
495790
497877
498186
499938
499502
500427
502234
502743
505393
506574
508959
509737
510724
513260
514487
514505
516137
518050
518860
521817
522877
523868
526663
527574
528020
528810
530058
531451
532830
535119
536069
537650
538938
538456
539778
540799
541820
542849
545035
546343
546653
546818
548281
549559
548332
550977
551079
551673
552122
553558
555716
558076
560025
562134
564828
566809
568452
571376
573133
574760
575487
577737
577058
579288
582088
582895
583406
585045
586387
586593
586858
587030
589775
592543
593167
594664
594994
595657
597221
598305
599811
601036
602412
603510
604274
604855
606038
606310
607136
608949
609115
610960
613551
615963
616927
618292
618947
620207
619182
621890
624379
626648
628498
631439
632301
634141
635621
636433
636161
637082
640741
642022
642644
641817
642233
643274
645385
647160
647144
647310
646573
649249
650888
653563
653849
653665
655819
655822
657345
659965
660781
660978
663774
665581
666604
666880
669166
672017
672564
671781
672811
675067
676970
678149
680566
680535
683124
685101
686828
686975
687136
686874
690326
693047
692305
695994
696803
696374
697871
698639
700372
701605
704651
705731
705990
706850
708840
710612
711537
714816
715845
718696
719937
723843
723740
724675
727389
727837
731230
731889
733400
732599
736293
737717
738257
739908
741570
743865
745530
748530
748897
748642
750411
752074
754685
754623
756622
757319
758119
758554
759641
760558
763451
765095
766125
768929
769090
771300
773389
773387
776863
776761
779003
781879
781949
784357
785158
785486
785783
