590079
403
51
46
164
5088
12153
648
22273
12451
6356
7890
16345
4409
5052
1831
1461
1542
8835
6123
3707
6818
12601
5524
10595
1823
11286
10689
5255
6016
17728
7236
1489
5121
8350
2812
2512
6733
4748
18318
3718
3266
9614
3798
3504
4094
3985
6523
3852
19627
3199
4255
7373
16541
3838
5111
6677
4669
9922
19563
6945
11121
6323
4901
6581
19816
5851
19266
19065
8232
6980
7391
8985
8250
8526
17104
12807
9738
17401
9474
8364
9604
9375
18571
8988
19486
11953
10260
10838
11213
11327
11131
11103
19688
11495
12327
11375
20362
13658
14039
21043
13915
14595
14404
14777
13240
14074
13193
14496
20309
22329
15533
15226
15050
16333
16983
14689
16443
16210
18542
15688
16748
15862
16050
17676
17473
22269
17140
16865
18215
18047
19411
18791
23051
19303
18996
19372
20723
19775
20894
20866
19942
21943
21465
20975
22286
21982
22692
22584
21929
23798
22101
24413
23077
24755
24417
23703
25430
24564
24844
25113
25861
26132
24715
25771
26405
25424
26300
27188
27970
27543
28120
27608
27813
28693
27995
28228
29154
29399
28917
29466
29255
30736
30855
30645
31122
31479
31686
31457
31403
31602
32427
33437
32819
34488
34654
33597
34577
35119
34022
35318
35338
36555
35765
36046
36595
36934
36414
36860
36872
38260
38687
38377
38848
39056
39592
40580
40039
40666
41334
40933
41546
41699
42519
41920
42621
43459
43440
44804
44103
45879
45628
45903
45493
45471
47309
46965
46943
47061
46739
46971
47483
48831
48372
48473
49483
50577
50974
51391
52198
53336
53217
52960
53467
53483
54232
55290
54674
55705
55874
55959
57372
57121
57906
57543
58994
58494
59572
59922
59967
61075
59947
60368
61840
62119
61278
63001
63359
62192
63651
63699
64077
65017
65207
65442
65778
66146
67169
66852
68103
68974
70246
70187
69636
69439
69491
70262
70422
71899
72174
71627
72583
72931
72619
73212
73669
74685
74336
74923
74550
76144
76108
77081
77356
78147
77983
78173
79958
79926
80340
80655
81535
81117
81088
82683
82656
82574
82088
83321
82240
82768
83820
85126
84941
85558
87024
87238
88041
88432
89663
91084
90491
90768
91261
91911
92301
92838
94024
94466
95930
95462
96266
97754
98202
98899
99042
100578
100055
100781
101692
101728
101485
103030
104090
104842
105020
105951
105494
105814
106942
106376
107252
108118
108134
109558
109151
109803
109971
111022
111751
111206
112245
113838
114702
114865
115067
116431
116072
117332
118024
117659
117396
119150
118976
119217
118796
119824
121239
120304
121493
122005
121646
122402
123078
124316
124282
126462
125892
127000
127336
128626
130181
131310
130894
131954
132238
132417
133886
132916
134711
135604
135435
136432
136448
137401
139060
138630
140278
140723
140924
142209
142540
142304
143213
144832
145835
145182
145061
145786
146728
147790
147963
148494
149520
149886
151291
151827
152855
151860
153281
155459
156100
156459
157811
158454
159388
160192
161261
162636
163827
164156
163761
164723
165833
166482
167737
169971
169831
170737
172658
172621
173399
172684
173394
173891
174427
175762
175832
175869
176184
177375
179180
179301
180022
180193
181010
182090
182950
184380
184504
186006
187446
188106
189202
189396
189589
191493
192212
192561
194006
194072
195219
195801
194555
195549
196245
196687
198228
198579
199885
201431
202472
201560
203412
203616
203632
206161
206460
206194
205785
207253
209263
210413
210808
211397
211157
212420
211871
212774
212308
214045
214180
215594
215902
216419
216715
217614
218587
220046
221733
222053
223248
223996
224249
225698
226267
226733
227678
227045
228608
229608
229355
230855
231198
231246
233144
234139
235615
235969
237154
236842
237717
238412
238530
239327
239617
241662
243126
242584
243033
243090
244076
243808
244847
245513
245662
247916
247719
248548
250695
250030
250866
252026
252235
252146
252309
252680
254090
255300
255319
255177
256111
257086
259480
259714
259723
261078
261791
261777
262163
263471
265016
265569
265595
265471
266843
267354
266773
268503
268422
270733
270951
273457
274329
276744
277306
278848
280067
281626
282570
284110
284606
284243
286612
287850
289251
290260
290966
290763
291803
291373
294079
294021
294657
295181
296344
296980
299088
300625
301499
302646
302725
303227
305640
305447
305962
306888
308575
309467
310965
311022
311285
312931
312680
312973
314542
314782
316819
317229
318144
319558
320336
320802
321201
322882
322959
323931
324770
325072
326916
328589
329962
330955
331220
332025
332369
334449
335143
336704
338241
338988
342069
343219
342750
345192
345869
345858
346813
347352
347325
348171
349262
349985
351688
352322
353971
354936
356759
356715
356635
356887
357972
359442
361483
362218
363093
364913
365707
366424
368647
368091
368208
369409
370173
371201
373184
374844
376628
376368
379222
378674
379285
380774
381991
382309
384266
385925
386499
388164
390132
392320
394788
395538
396168
399346
399054
400203
401763
403421
404635
406576
407715
408041
410238
412306
413858
415414
416015
415983
416532
418852
419679
419626
422286
423665
424993
427045
428600
428648
429989
432614
434970
437302
438794
439626
438986
439791
440712
440432
441940
444556
446073
448398
450961
449659
450906
452503
454477
454933
456625
458310
458116
459054
459948
459964
461017
462300
464178
464189
467474
467437
469799
471408
473492
475654
477726
477929
479999
480469
480959
483161
483622
484062
484925
486954
488848
491332
490777
492232
492236
494610
495141
496073
496850
497854
498381
499679
500894
500605
501844
503428
503213
505045
505606
506870
508675
509292
510469
512483
514740
514962
517101
519363
521567
521801
524355
525956
527156
529431
530172
532910
534035
534525
534965
535202
535418
538551
538991
538280
540482
540628
542837
543719
543540
545052
546670
547239
548982
550473
551729
554734
553718
556165
557722
557917
560185
562700
562863
563574
564729
565440
566053
568583
568966
569729
569657
570036
573756
574993
575770
576910
579437
581387
584146
585344
586991
589193
589810
589750
589835
591029
593080
595185
596777
596496
597435
599254
602822
605278
607069
608960
610538
612242
614497
614061
616161
615441
617583
621343
622387
623601
626148
627382
628581
630020
630473
631430
632279
632727
633091
634548
636428
638773
639491
638926
640401
643564
644494
646694
648553
649858
651515
651457
653521
654278
653603
655647
659083
659589
662332
663932
664582
665627
665551
665733
667583
668362
671238
673334
673553
674743
676219
677070
678589
680591
682923
683765
684245
685658
686775
689635
689634
690661
691312
691766
692213
695137
698257
698381
697825
699273
700920
701513
703893
703211
704342
705499
707185
708829
709713
712036
712911
713938
715779
717801
719404
721730
722481
724187
726542
728650
730708
732067
734223
737252
738661
740019
742040
744410
744374
745838
