490496
3671
40397
19943
45289
21318
36800
8068
50117
1177
15975
47816
17706
4016
17183
36882
19789
11402
35799
3860
34478
7716
6572
1442
1241
7767
24317
1240
2821
40313
22536
17814
6187
18886
28887
42287
18933
39204
43483
35564
39643
33744
48574
28381
40151
4655
5293
30403
15588
11404
11685
16060
43158
20985
28016
62500
55281
19369
12739
40841
49039
13923
58125
53617
56648
29922
45527
27831
11762
62895
23474
32122
46733
28258
57049
57472
60091
55669
45010
42001
8208
43393
31050
26052
50881
36069
13390
56954
19532
61492
66567
41690
13631
20563
16784
65090
62719
34260
67837
25655
54277
37325
24584
69498
12685
42817
28958
17582
67913
33234
22982
27375
34088
63399
13272
66704
61898
51844
71023
37096
70954
31039
44249
63151
22935
56212
30386
69812
34807
61280
36591
71369
45745
20223
22161
68413
63359
60896
73855
64684
65369
24241
54197
76070
56300
74139
75441
69454
53255
32318
64659
69511
63197
42094
48273
48295
47857
75760
25679
52547
57639
25305
54637
78398
74536
47187
46606
59995
46331
71354
70716
48634
29038
59442
77254
40405
73855
63806
61165
60584
69920
35621
59052
77656
65732
47393
40883
47606
75410
54582
41611
59082
42864
42141
34806
50440
78029
58617
75870
39269
62850
39110
72679
62438
60774
63761
47775
78065
50570
80381
80843
64413
64806
53232
74624
44972
45131
60585
75980
72758
84172
83650
78291
65314
79877
62065
68398
77824
79722
80352
64175
75533
77322
83170
69742
58492
74371
52158
58511
66899
81730
74365
50106
67256
80880
74804
85515
59582
65334
60235
77405
86008
73602
65709
85292
84769
72882
84457
81333
67765
60481
60419
81584
85304
83920
86269
64010
65070
71010
82718
67100
74552
69062
81087
86620
78271
72335
87994
77156
71253
81030
87574
83430
73922
84631
86410
88416
87492
84210
84566
89014
75841
84751
88527
87507
85224
89913
86891
84985
82810
86102
89377
90160
89444
85713
88879
86028
87594
90928
84066
91084
85480
85130
87297
91389
91130
89931
87835
90503
91527
90119
91694
92665
91694
91958
93037
94009
94939
97455
97762
96283
98303
98000
97889
99657
101159
101734
101341
101995
101568
102603
103344
103238
103180
104412
104484
104884
104909
105568
106189
106815
108213
107536
108191
109614
109020
108542
110023
110091
110611
111956
111425
112787
114574
113971
115799
115611
117877
117914
117422
117782
117936
118682
119353
118219
120137
121127
121327
121469
120789
122004
123665
122693
124222
125575
125645
126794
128136
129378
129143
131112
130473
133451
131845
132084
134131
135185
135061
135396
137537
138136
137007
138335
138749
140743
141054
143513
141912
142206
144567
144833
144894
145198
145653
145928
146977
146328
148375
148473
149959
150831
150916
150093
151711
152370
153669
153801
155267
154579
154877
156667
157013
158631
158919
159215
161778
161484
160690
163143
163632
162601
165339
165374
164408
165037
166828
168507
168943
168594
169453
169927
171798
172125
173396
174770
174444
175694
176426
178625
178575
181716
181500
181923
183449
184654
185317
185082
186061
187698
187575
189501
189623
190836
191089
192074
193767
193863
195669
196655
196094
197713
199071
198814
200856
199826
202267
202385
203431
204168
205996
206367
208691
208973
209292
209938
209528
212309
212923
214622
216177
215605
216940
219668
220282
219642
222021
220574
222375
223757
224277
226424
226869
228892
228790
229265
230286
231688
230731
231865
232678
233788
234996
233958
235062
235666
237474
238861
240210
240748
241383
242671
242920
245057
244507
246346
245262
246481
247443
248890
249313
249646
250248
251140
250608
251137
252817
252749
253950
256422
257040
259119
258526
260214
261731
261177
262403
260717
262249
264094
264618
264108
266219
266715
268865
269596
269292
270171
272026
273434
275140
275104
278524
278280
277343
279069
278567
279923
281592
280660
280819
282387
284410
285566
286334
287209
287834
288423
290350
290623
291586
291602
291692
294425
295310
294396
296150
296633
296494
296965
298762
299323
300733
301447
304019
303778
303680
306082
305338
306868
308675
307986
309215
311230
313058
313546
313374
314888
314947
318104
318794
319308
319299
319247
321986
321861
321848
323967
324235
325427
325606
324956
326688
327938
329102
329281
331848
331585
333133
333877
334203
335741
337243
336457
337048
338975
339732
342271
343651
344873
345901
345700
347523
347232
348975
349897
351105
350377
352673
352844
355041
356214
358012
360088
360149
362323
361491
364188
364671
364489
365851
366490
367598
368524
370850
372858
372378
375256
374976
377262
376964
378698
378855
379753
381287
382173
383158
384699
386583
387821
388422
389052
389569
389618
391405
392358
392247
392160
392558
395166
396629
398330
400185
402230
402312
403415
405056
407068
408483
410062
411976
411603
411860
415048
415417
416150
416201
417971
420623
420872
422669
422136
424211
425097
425909
426293
428240
431231
430310
432918
432008
433681
434539
436253
437739
440059
440497
441432
441896
442912
444096
444876
448164
447312
448116
450725
451125
450874
452840
452189
452999
454444
456670
456152
456817
459104
459747
460509
462691
462792
462576
464166
464590
465278
466405
466939
466821
467584
468099
468725
471300
471254
472308
473930
472462
474551
474623
475659
477386
479167
482102
482612
486136
487001
489612
490438
492828
495359
495212
497650
498178
498202
500283
500184
502867
502969
506690
506485
507934
508572
508005
509845
512012
513887
513957
515414
516198
517843
518416
520624
523698
525532
526437
527725
528776
530329
530020
531335
534044
533240
533582
536019
536747
536496
535184
537511
538798
538979
542471
542404
545336
543708
545886
544867
545215
546332
546819
548742
550489
552550
551541
553975
556263
557472
559915
560068
560641
561576
560215
561984
562424
564548
563907
564744
566298
569613
570767
572532
573777
575368
575708
577957
579733
580958
581644
583577
584715
585403
588381
590587
593047
595526
596730
598706
598407
600758
600466
602526
602511
605379
608097
608555
609618
610096
611149
613867
614725
613472
615907
617816
620420
621132
623369
624491
623721
627066
628695
629516
629841
631785
632036
632372
634147
636793
637964
639341
639181
640665
642745
644019
645232
647170
648379
651777
652632
654869
656292
657138
660183
661051
660770
663853
666268
665468
668623
669467
670993
672398
672431
674895
673928
676870
678907
680806
682118
683766
684583
685691
687524
687805
688615
692068
693486
694803
697340
697469
698657
700449
701020
701998
702370
705043
706784
706609
707751
710332
712485
713750
715494
717300
719873
719954
722832
722507
725520
727067
727620
728011
728711
730378
729444
732338
733060
735753
737874
736159
740366
739230
742551
744437
746779
748289
751101
750478
751097
751582
754233
755584
756581
757468
761100
762198
761416
762454
765207
766568
769396
771036
771043
773691
774725
775473
