58925
16236
4085
37202
23399
2779
21702
42161
33305
27243
43836
10624
28114
23953
45338
35126
3561
30150
42153
28213
16799
26500
29736
28783
3686
29088
22778
37475
40776
46255
5901
5635
31034
13151
37663
20226
41366
50329
21294
11463
42425
42748
48721
20256
39423
62227
6670
51671
16612
31689
38346
26036
16665
55498
46061
28712
30405
37968
8566
6084
33782
50453
7669
29445
7781
40210
11070
45720
45275
44242
54221
57631
28126
23576
11889
43414
50734
12095
25206
58622
49139
25944
46646
20768
51344
31362
8825
49992
55985
46701
59280
42356
62900
48828
36508
31424
39889
20602
34570
54620
14437
57317
53009
63458
28425
61771
12738
29160
41256
57832
19000
56866
30846
23819
48744
21363
23671
46106
46634
37409
35975
61451
17298
65692
56081
20322
24416
22118
47251
22572
22622
57982
37595
27701
28520
65454
57550
36242
68477
27408
58477
62467
50890
61743
30616
51047
32163
52861
52954
61523
48693
30684
58929
30591
24167
66983
28700
39973
29478
63037
47074
64937
27255
72193
47636
63623
38618
74231
32145
77171
50350
62988
68487
78166
76200
53642
57515
48347
38781
54123
55035
35433
37535
72994
74944
69041
59070
76283
39123
68765
68841
78003
62271
75761
41783
79987
57515
69579
73167
47863
79304
74254
64794
48237
67575
78305
70926
79706
78529
79563
52328
69198
46622
85148
75314
75822
74017
75840
74276
58445
56263
67922
71080
78155
77912
58248
61017
58471
60084
74071
66317
71414
54631
82383
64274
52616
86818
63304
87630
57390
62782
61031
85329
61587
81372
58621
80963
76030
69592
57163
58197
80149
82409
85099
90466
77225
67515
65926
72980
86822
71398
84521
91169
83117
85392
71578
67349
90072
77810
85475
65724
89710
72023
66278
73053
72151
89783
90724
82781
69770
74619
85064
70085
89283
89598
82780
88701
87740
87394
81959
88506
83415
82184
91893
91615
74730
91538
94246
86343
93056
82441
93253
88440
92844
89001
86822
80507
86245
93241
94612
82481
95340
81185
94480
91974
96401
89757
90463
88472
91361
85112
95645
93902
96791
95379
96666
89433
89456
91600
91503
94731
95599
93906
94267
97636
97529
95196
94914
95727
97846
97837
99156
98023
99241
97609
99130
99516
98082
99899
100347
100832
99844
101351
99700
101655
101505
102094
101927
103013
102808
104849
104220
105294
104602
105568
105597
106133
107903
107541
107990
108201
109525
109693
111978
112766
113383
114059
114196
116394
116441
117346
117253
118826
118771
120357
121286
121333
119868
122003
121313
122236
123570
124963
124030
125564
125656
127172
127443
127584
129088
128735
130143
130844
131769
131276
133192
133910
134400
134527
134228
134033
135542
136579
136657
137623
136243
136809
137215
139349
138541
140574
140693
142591
141138
142645
143587
143724
144673
146024
146751
147264
147806
148064
147898
148654
148235
148483
151064
151370
152361
153664
153096
153855
155771
157039
157605
157954
157896
159027
161658
161850
162786
162491
162458
165142
166435
166663
167144
167399
168274
169693
169145
169834
171137
170678
172382
172701
174525
174355
174492
174945
174575
176686
176373
178312
178145
180218
180557
182365
183155
183875
183161
184285
184857
185566
187528
187086
188881
191199
191894
192353
193061
193935
194362
195898
197725
199244
197318
199279
198335
201405
