58764
26115
22836
1784
11216
11419
5641
16114
31635
15753
9398
1332
28180
24870
31751
24007
1515
41850
9481
14734
15894
35769
41510
13274
1821
21245
3226
4507
52772
15783
48304
36844
3382
52703
14203
50699
59554
62637
8202
61400
39778
29606
58088
56254
5378
18475
18983
51039
34633
56044
53758
44565
28207
25135
22287
55224
60841
50068
20258
45814
15849
29331
30667
11132
25140
58142
33544
59103
55014
9998
16399
46540
24030
56568
51108
28135
60436
17004
33821
59268
52854
32414
40631
63790
41902
31917
22607
40907
33115
66110
36142
35711
13002
19028
40691
25238
61519
11729
68152
52657
14487
41438
23464
36874
15067
54886
31177
67177
19424
47163
39270
50491
62360
42016
49894
44594
23184
47574
44866
57007
52294
67056
17372
66188
42321
41024
67650
58674
44239
29506
30436
46983
44084
62239
35232
57198
68902
70542
54071
47407
71960
51077
64089
24153
38753
62580
58006
30170
28963
71530
41985
53280
31728
49910
72103
72115
58335
44142
63272
57529
55632
66003
45485
51420
72507
37222
73857
74551
76561
53943
78106
36775
37178
62587
44380
32534
70428
69744
56671
74537
68387
79664
60809
45934
61275
45588
66218
63784
60023
57652
45025
77120
47661
59121
71982
75633
76478
52449
72612
75592
59399
64822
78776
77601
71916
45155
50519
72897
67482
77636
45724
48874
54466
66799
65144
80700
59177
51628
72690
56743
84133
69071
79174
53301
81165
80511
79723
68309
54859
69367
83085
65916
61458
76032
84720
77898
83210
79387
85370
69776
78134
58321
81084
77434
83708
83280
80151
82958
86713
59788
85042
77193
80126
85239
78339
80432
68125
89460
87243
71567
85794
86286
66378
84783
86916
79853
69615
87054
67969
70654
74028
69662
85671
73214
90014
71962
82793
87924
88596
78909
81152
90909
80944
90498
90288
88990
85616
83803
81743
88446
91463
84843
90822
91296
91441
87166
82869
85057
92631
90419
91688
88259
92806
92680
86067
91911
88542
89389
92663
93241
89909
93391
94179
92970
93749
94431
94633
93150
94587
95351
95442
96037
96275
96543
98043
97261
98294
98001
99275
100117
100058
99425
100461
100343
100628
101943
102705
104559
104806
104520
105600
105809
107219
105446
105895
106136
106165
107685
109444
110423
108913
111121
111808
111053
112422
113543
112600
114838
115621
115151
115652
115017
116249
117536
117039
118091
119002
119936
120132
120225
121478
122965
123591
122432
124098
125146
125056
127558
127342
128060
126987
128925
127771
127643
129901
131245
131522
130957
132042
132426
133697
133265
135908
136542
136614
138346
138327
139742
139127
140925
140469
143607
143512
144166
144361
144313
144417
145890
148222
148254
147672
148366
149580
150203
150792
151559
150689
151836
152800
154546
153270
156052
155718
157107
157370
158061
158143
158427
159640
160649
160012
161849
161677
162029
162699
164423
164612
165187
165433
164487
165711
165910
168258
168337
166927
169047
169081
170250
170210
170763
169844
171855
172307
172814
174371
174552
177464
176995
178137
179101
180406
180988
180568
181574
181455
181313
184222
185575
184534
185830
186685
186196
185521
186070
187683
187166
187104
189561
190679
191596
191364
191712
193060
194245
194984
195082
195905
195749
197900
200282
200602
201384
200813
201684
203955
204683
204645
205342
205302
205920
207500
