57591
21285
29450
47343
11680
30383
9706
47998
2943
20851
49282
36799
12544
3894
43042
4087
24291
10048
12266
7563
7819
5067
27714
46571
46203
41888
38278
18928
35335
44800
41099
18766
15218
15382
37758
13176
51903
22610
53254
32038
36051
48349
48438
45761
14756
19866
6125
3508
9275
34588
4709
49109
24999
35655
16730
9879
61623
27393
54106
9460
3964
61296
28249
60005
7818
28863
40270
25095
12816
21133
25236
49230
40772
52250
7193
22715
16957
16081
28505
63930
61279
20777
41946
68210
47915
8817
15155
53922
58031
59531
50979
19326
35740
35830
57431
19474
11682
24821
48300
16928
11682
55525
44015
25331
27601
42579
64970
42701
58161
71118
60569
33966
13404
14697
52330
22451
58179
48283
31264
66275
70737
17171
58680
19194
65908
60141
49295
63345
64948
63293
42356
19347
32576
30700
33403
23202
66616
71608
48495
70753
73471
29769
43576
70168
69234
24061
72133
69946
57277
52369
71513
73222
28050
73524
50013
40074
44097
69120
30119
33093
48625
44582
65096
57229
43386
35605
68673
75377
42806
57962
72082
39730
42996
67404
49492
56080
81637
41506
79472
30645
55396
72535
51214
69147
79246
57374
77682
82949
33210
62557
76060
79167
54305
76441
63307
40197
36527
83377
41412
64383
57061
64313
82379
58752
80502
45394
63930
80335
67674
83769
46455
54359
79945
47027
72162
60693
47356
50130
68698
72760
84186
82607
80672
66818
65832
45960
78332
72178
63598
67910
75633
85397
69405
67335
86869
73268
73574
56246
60002
77534
76499
67162
61552
83209
83048
82142
77369
81096
85708
82683
85936
86289
80475
87860
70204
81982
60354
78135
59601
80785
62105
85619
76896
66662
68755
67791
84843
78731
68921
68354
89096
82941
88599
76463
84605
68375
85600
89499
69173
67201
90209
68315
86800
70844
78383
89826
84568
87838
80063
87894
87756
90635
91186
88860
92899
87267
77557
79059
93861
90953
92817
80024
92631
89667
82393
94626
82530
82672
93591
92441
93727
94716
94852
93186
88335
91794
91843
88728
89479
90090
89823
93729
95256
89821
96399
92322
93924
94364
95696
94704
96411
96472
95993
97032
95686
97299
97135
97121
97562
99027
99456
100604
99946
99565
100966
99874
102001
101184
101771
102718
103720
102541
104703
104711
104911
104954
105797
108507
106998
108082
109051
109515
109778
110661
110891
111807
111853
113114
113546
114234
114593
114696
115307
117603
117382
117240
118659
117757
119289
121309
121889
121535
122331
124144
124902
125016
126834
126643
128033
126993
128687
127072
128686
128897
130309
129584
130476
132270
132391
131931
133509
132675
133194
133418
136039
135787
137176
137749
137659
137751
138138
139274
140831
141073
140805
141543
141834
142000
142221
143618
144940
144547
144887
145464
146390
147193
147941
147989
148211
149738
149570
150044
150976
151869
152957
153081
154520
154038
155217
154818
156191
157722
158946
159971
160717
159461
160267
160543
161305
162116
164174
163775
164831
165810
165632
166040
166433
167846
168916
169652
171603
171193
171131
171833
170992
173054
171533
173531
173450
175035
176489
176722
177521
177216
179099
178044
180248
181217
181601
180716
183142
183092
183940
184713
184991
185998
185143
186971
187998
188716
190463
189072
191526
190624
193238
193764
194795
196449
196090
196835
198376
