456345
2524
710
9282
1355
311
934
890
2000
47452
17624
12350
12322
4878
33343
2838
27899
27545
6847
47194
4150
5648
16048
32425
16440
22588
34755
39032
33836
13678
8438
4292
24930
9851
32644
14920
19828
28585
3137
13465
22972
21638
7850
48610
14989
32378
43956
15001
50596
50822
13453
34647
33497
49214
16803
7459
45028
43611
34423
41925
8222
24758
54621
6777
49709
19595
44537
21009
12211
10645
15754
44073
7972
15803
41268
16069
50091
38912
37871
9318
32686
10697
19976
33163
11883
17372
10566
34829
28223
26424
40737
38521
50103
16627
19608
18399
40746
48134
23633
57874
61764
48573
39623
11751
23107
23020
14762
24349
28491
23426
56509
29152
44405
36525
29565
22730
38345
14122
29147
17618
53302
23123
49616
31280
35867
53853
25703
17826
18590
31391
48888
18961
26774
40319
64860
64124
22248
50895
23825
25342
47099
56134
53172
44359
67107
23128
43173
25791
59713
64081
66446
26203
64550
23468
60674
68337
62324
54293
71387
56938
66922
69539
43239
35951
73603
55343
43219
28474
34545
33810
50844
38954
71633
72035
59077
33692
67765
66754
32719
68917
51417
70984
32414
59509
73442
40056
62577
37550
53779
61980
45796
66453
52241
61580
68382
48142
34827
36480
58116
74993
75767
71268
52159
77507
73379
73054
62897
54574
41507
59131
73009
65312
52063
65592
42562
56151
71273
70126
74625
79156
55062
69393
51363
45309
46826
76177
47516
46878
62774
58447
74473
77720
62066
75108
49852
45996
74859
60765
59113
64218
76325
61391
81780
66349
58799
60348
73484
80912
84436
53636
53791
84722
63657
67048
79442
65832
79810
76883
67434
83397
80278
84025
63404
65181
84750
63977
66043
74813
81628
87952
78396
76032
75815
78490
84348
72092
70048
76158
72348
72062
80924
85206
80047
70252
82421
88457
83964
85601
84624
73600
78659
87956
89647
91448
89639
78561
89027
86322
89368
91112
81919
76589
90605
78451
74682
85868
84734
83119
81649
92415
89920
80525
79865
77778
86325
89888
90824
85661
87435
84781
87888
92050
93729
87881
89529
84122
86189
93532
90849
93273
92116
92888
90249
90123
92975
88891
91816
94928
91950
92392
93768
95443
96558
94993
97217
96828
96948
96016
97386
94901
96790
98749
98368
97472
99512
99616
101505
100620
100354
102025
101574
102641
102081
104105
102935
104603
104871
106257
106174
106711
107498
108034
109289
110368
109590
109334
110880
111722
110359
111239
112726
112826
114177
113599
113596
115022
115355
117184
115942
117502
117905
118490
119411
118719
121936
121601
122884
121973
124643
123765
124653
125410
125859
124692
125654
126717
126728
127160
127904
129075
130150
131092
130526
130949
133109
133244
133866
134987
132921
134199
135362
135845
135870
136240
137089
137069
136773
137674
137520
138622
141230
141218
141431
141518
140692
141432
141534
141282
142712
142859
142990
143924
144401
144486
144465
145984
146119
146613
147131
148144
148910
149262
150204
150994
151858
153186
152660
152247
152828
153751
154746
155252
156459
156789
159161
159598
162233
162255
160623
163362
163589
164478
165225
166503
166319
168650
169947
169783
170710
171315
172921
173017
173815
173715
172924
174736
175706
176323
177757
178504
178793
179588
181312
182090
183564
182522
184446
184909
185577
187211
186054
187992
187618
188942
189223
189342
189798
189769
191971
192411
191819
192137
194186
195100
194135
194632
195586
197494
197570
199413
199723
200007
199505
200976
201694
203690
204853
205031
204660
206276
205516
207332
206979
209808
210469
211914
211046
212042
213955
212732
213434
216238
215395
216316
217287
216221
218624
218979
219294
219505
221324
223395
223878
224459
224920
224539
225936
226503
225847
229297
229559
230224
230028
229902
230627
232111
232987
234487
234099
236567
236995
238343
237297
239277
241228
240372
239779
240990
242489
243298
242886
245612
246866
247608
249434
249868
250468
251642
253058
254034
255425
255373
254202
254688
256310
256670
258879
259046
259425
261932
261076
262100
264802
263994
264347
266167
267793
268106
270595
269721
271939
272818
273961
273716
274516
276444
276578
277850
279412
280752
280779
281626
281462
283863
283945
285031
285234
285675
286598
286810
287370
286908
288337
290016
290901
293083
293231
294039
294376
295612
296163
297361
297100
297472
300089
300243
302103
300358
302806
303641
305035
305600
307223
306610
308329
309805
310673
310851
312279
312360
314372
314259
313931
314702
315361
317116
318018
319061
319949
321069
321331
320834
322732
323951
323959
324878
325542
327597
328660
329527
329933
330011
332089
333588
333878
335310
336221
337904
338972
339937
342642
342840
343338
345544
345645
346055
346222
348021
349438
350157
350218
351159
353547
353939
353978
354065
357073
358052
358094
358702
359504
360462
360162
360864
362723
362451
363238
363949
365138
367690
369151
368657
371520
372270
372727
373745
373661
374238
376052
376305
380704
379960
380558
384069
384138
385581
386913
388200
388425
391325
391478
392405
393114
392233
393903
395221
397617
396918
396706
398197
398742
399781
401832
402806
404478
403804
404233
405055
405196
407075
407113
408703
408378
410219
411737
413073
413211
414630
414746
416088
417154
417555
419752
421105
423026
425957
425695
427023
427873
428151
429410
431888
432343
432461
434015
437260
436048
439558
439715
441013
440546
441875
444791
445457
448282
447574
448630
449057
451113
450125
452030
451589
453096
455168
457829
459363
458898
459111
461166
463014
465418
466250
469094
469301
469485
471322
471866
474545
476054
476230
477082
476719
477137
478026
479980
483083
483130
484306
485322
487086
488296
487102
487826
489285
492007
491241
493516
493358
493742
497523
497700
499027
498721
501144
502807
503269
506410
505816
507861
509929
513544
514870
516406
517817
521892
522636
521518
522586
522268
525689
527918
527592
530824
530166
530983
532933
534296
534276
534793
536479
538559
541272
542050
541427
543970
545481
548938
549002
549312
552538
553129
555959
558159
560260
560684
561655
563600
565166
568067
568944
568890
570151
571535
574564
575692
576063
579380
579239
580602
581922
583105
583300
584737
585426
586603
589028
591796
592793
592705
593848
593854
595566
596395
597585
598553
599246
599320
601837
603089
603313
605352
608669
609616
611178
612909
614219
616442
617343
619688
622092
623309
623215
626023
626762
628374
628646
632635
634301
636647
637361
638717
639827
638995
639615
640820
643590
644293
646736
647467
650094
651157
653676
653237
654345
656467
656893
659261
661457
664501
664524
666845
669102
671619
674525
673362
675769
675312
675611
677830
678918
679868
681116
683191
684665
686036
687763
690134
691240
694201
695701
697106
698121
699136
702037
703206
707327
706450
709149
711162
713589
714590
716387
719438
719477
719397
721629
724332
725935
727584
729988
731951
