482863
4927
953
5304
20827
12880
18413
1146
33681
1426
22101
6806
13268
13445
1046
39991
32906
30050
29892
33098
41235
40552
39193
36501
39784
7937
4381
30038
37095
35849
35248
13334
33629
17857
32860
12834
24077
38406
10602
47678
38849
15856
14464
7484
32708
3851
25514
28426
6080
36146
4969
7056
44005
4244
11713
24449
33966
11817
18693
28803
16870
6284
11077
38708
21476
24153
48107
10811
38000
15090
30846
8336
12061
8590
50733
13176
25148
12020
22515
45421
16911
51888
11852
38640
11114
44269
47260
56437
25677
18643
44302
58242
42174
21781
25341
30941
19399
50495
28414
34423
16719
28447
21509
50063
35734
13172
40689
38509
43389
29904
47729
21878
20896
28088
27074
48466
39085
45105
17315
45797
17386
21128
46977
56556
18923
27100
42793
17811
33449
49828
35104
24752
53046
57569
36290
58370
49266
42720
56125
23915
24545
31821
34072
62505
55083
42978
22506
29668
53691
59539
67840
35133
32949
41629
44053
45215
28638
63234
64977
55316
63899
54011
52763
51736
68303
55770
62893
58281
42643
59167
57662
68468
59197
71162
58888
53363
70258
66394
37908
54955
34013
70108
56977
70421
71509
38791
62141
42864
49602
65519
36352
46521
37543
71814
65593
72745
41997
64779
52147
40563
46731
51910
40913
46202
73209
52940
58757
42175
74749
75090
76640
43754
52998
70167
46299
61752
79000
68458
63144
55102
71338
62029
75539
60405
78640
60607
70203
74587
76877
50453
73455
79653
72045
67856
58756
77789
64098
52687
64324
80830
71502
67941
68434
78526
80671
79678
80700
61504
78807
68076
71161
74954
81930
82483
77149
80443
66767
82614
80504
68341
83150
75973
71294
84021
65468
84001
64864
70554
71865
79872
78311
75478
72299
70185
80125
82537
73043
85032
82867
82239
82593
81177
84785
81890
86838
83678
87056
78071
83255
86878
77730
88084
84478
82722
88830
83902
79093
89512
82318
87088
88486
85623
85996
88027
83574
86850
87441
89015
86217
83963
83876
91155
90151
90516
87523
88701
85698
90027
92682
93055
93371
91980
92780
91972
92131
91167
92924
93158
94129
93026
93485
93177
93818
95315
94757
96752
95515
95709
95973
97044
96837
98108
98654
98436
99365
99947
100673
100122
102185
101599
101332
101809
102019
102816
104224
105403
105843
106704
104689
107633
106512
106921
107497
108151
107671
108837
109114
108448
109395
109381
109867
111544
111625
112526
112888
113118
113265
114718
114932
116296
118582
117545
119203
120060
121412
121534
121078
122384
122443
123291
124203
125839
126840
127518
128453
129369
129360
129581
131702
130306
131514
131089
132960
132817
134722
134240
135317
135935
136804
138301
137963
139341
140492
141180
141019
142073
142426
143186
144429
143454
146644
145448
146241
147299
148434
148085
148563
150753
151754
153088
153295
152472
153145
154935
155079
156221
156255
157868
157117
157881
160440
160917
162446
162654
164574
165978
166157
166218
166759
168527
168625
168325
170114
170189
172335
171909
172792
172700
174240
173011
173918
173952
175567
176455
176726
178355
178337
179777
178929
180130
181112
182168
182733
182689
183375
186778
186926
187852
187073
188831
189298
189434
190184
190167
191098
191364
193330
193434
193692
194862
195913
196132
196134
197113
199842
199840
200131
202673
203210
203684
203369
205083
205734
205370
207567
206811
208615
207249
208593
209076
210629
210804
209292
211874
212232
211793
212559
213882
214359
215722
216975
217370
218290
218900
219447
220719
220863
222494
221099
223938
223554
223863
225085
227452
227868
228456
229608
230690
230598
231736
233303
233364
233799
234408
235555
237001
236856
237345
238765
240539
240082
241178
243153
243706
245249
246353
246320
247317
246642
246725
248354
249149
251215
252248
253824
254533
254880
256191
256266
256852
258941
260260
261747
261630
262262
263118
263047
266293
266795
267444
267720
269115
270071
269102
270557
272307
271168
273496
272320
273940
276311
276791
276686
278197
281592
281873
284503
284615
285668
285912
285789
288426
288168
288950
291352
291701
292347
293238
294053
295120
295781
296507
298753
300849
299946
302693
302234
304086
303825
304954
304853
305287
307468
308356
308822
309541
310035
310471
310581
310850
314103
314044
314854
317123
317977
317444
319305
322069
322313
324738
325444
327065
327231
329769
330095
331526
332220
332935
333992
334962
335502
335165
335669
337856
337086
338907
341462
342067
341999
344040
343831
344491
345417
345415
347097
346866
349504
349467
351072
352083
352329
355350
355279
357570
358093
359316
359749
361348
362032
362839
363664
365228
367166
368999
368668
370561
371652
371874
373834
375855
374930
375152
378093
379980
381812
382942
382491
384524
385415
387336
387249
388047
391238
392226
391457
392645
392723
395733
397221
397535
398326
400002
400730
402630
402352
403524
405182
406645
407315
409525
410508
412980
413156
415356
416651
417531
417252
417312
419668
421051
423254
423886
425984
427648
427664
428090
431218
431522
432393
432492
434805
435492
435029
436608
438364
437065
440462
440567
441661
442535
443298
445275
445259
445906
447144
449504
451115
451045
454035
456227
458557
457581
458561
458578
460952
460791
462055
460803
463478
464566
464436
465363
468689
470806
470773
471899
471549
473964
473494
475352
477554
478915
480427
481448
482760
484055
483796
485227
485225
486724
489372
491447
491164
491663
493111
496027
495153
495270
498309
498386
500884
499819
501309
501891
503090
503484
503434
504624
506081
508554
511154
512115
512658
514936
517686
519100
520474
521309
521710
525003
525498
527513
527975
529349
530286
532184
534580
535791
537802
538587
537696
538283
541157
542521
542325
543861
546404
547288
548512
549859
550650
550167
551568
553545
555946
556904
557030
558502
559696
561533
563446
563385
563060
565884
567804
570447
572478
572636
573983
574690
575720
576589
576360
577250
577748
579624
580699
584295
584391
584883
585044
586482
588191
589403
590259
590220
592691
592563
594460
595553
597543
600013
600563
601183
603319
604338
604560
604047
607945
610689
611403
611506
614078
615256
613718
615262
616162
618694
619415
619352
622274
622824
624190
625961
628099
630668
631669
634028
633993
635775
636341
639434
639568
640640
641078
642802
643776
644296
646021
648115
647551
649040
648800
650042
650705
653514
654985
655899
656882
658250
659042
658150
660735
663189
663939
665191
666942
667739
669745
670778
671890
673371
676694
677368
678340
680553
680190
681973
682498
683471
685629
686725
685633
687302
687629
689553
689909
693585
693101
694165
696931
699801
700726
701364
705356
708170
709296
710479
713233
715494
716585
716646
720554
719797
721781
722748
723626
726951
728619
731412
733598
734955
735308
737593
740044
741567
743630
744578
747909
747965
749262
750894
751563
752667
752920
755061
756410
757589
756567
760059
761663
