507094
3392
37449
18260
9900
429
7417
46787
5164
15387
13794
24125
21239
1530
9983
3222
7906
51449
17276
25260
39567
33267
57666
20573
44446
12301
3488
18538
54546
3724
8593
10778
47294
44957
4245
56748
5410
26441
5660
40277
33642
16227
14120
48247
32522
6451
29975
40305
60688
12587
39941
42067
14649
39639
39738
29389
60145
18321
22116
51032
4125
38276
28877
40738
5731
25032
50621
48670
18010
57706
41947
56218
42765
64548
11743
54950
59867
18128
39990
26705
8201
13746
32666
11979
44482
36313
59427
12687
12957
9663
63601
49303
23306
8141
53369
66983
53902
39526
27423
32912
56772
10481
48857
43634
32435
27078
26268
65803
22616
19526
39489
60134
17716
59700
21693
62793
33545
21523
14500
34474
63906
38972
70958
39318
69431
63773
67708
71881
66624
68359
47902
46518
67162
16435
51758
67950
51967
32553
46915
21593
35041
60368
60842
71441
43671
62413
70492
63406
21686
67173
24763
44775
62430
53309
37097
23063
39611
71834
47715
70173
30401
31549
41432
50523
40941
78631
69004
63839
67374
77594
68281
63921
78246
50565
58305
57374
39415
63058
56506
36833
46276
34307
37150
54678
30643
41675
43638
69817
54258
78479
77388
54040
77958
64218
64339
84393
51127
48958
80845
52219
62661
66390
48405
60631
64730
79947
47288
61748
54559
81930
62818
75120
48270
64976
78757
84654
66617
72005
76614
78325
83133
67137
75132
74521
73909
74900
75231
53178
80225
68803
83020
84487
58838
76653
64233
70664
60646
79364
78857
67786
78483
62728
85924
72432
86501
59525
56264
83283
78403
81853
83621
63767
84407
77992
81500
69659
77059
82651
77033
78412
74565
60623
80533
74974
63656
71101
75085
76043
76504
83809
64411
88170
87235
80133
71737
66712
84123
68748
77406
89296
77276
73236
72508
89427
88370
75126
86789
88342
90119
90948
89086
79489
81273
90347
80148
83601
79758
77598
87273
82161
85829
87618
92287
88764
90052
89226
90671
87976
92753
92874
84593
87213
92994
86404
92103
89324
93298
87358
84999
93151
93851
88604
93175
90669
91196
90586
90177
91470
91952
93913
92325
92538
94374
96026
93639
97042
96904
96208
95815
95522
96897
97677
98156
97180
98547
99877
99589
100636
100534
101634
102692
102107
103130
102638
102483
103838
104003
105936
105928
106972
106500
107459
107981
107997
109316
110294
111203
111174
113520
114551
113630
114070
115694
115474
117076
117578
118393
119224
118881
119679
120120
120853
122141
123710
123830
123860
125743
124731
125714
127265
126650
128390
127859
128831
129524
128990
131316
132668
132928
134192
135580
136394
136293
135739
137803
136714
137149
138944
138519
140462
139631
140979
141703
141348
142773
142841
142974
144984
145957
146201
146167
147847
147494
146944
150261
150567
149913
149907
151420
153197
152370
153746
153546
154798
155872
156064
157112
158137
159709
161484
161361
163204
164761
164621
164852
167916
168640
169421
170319
170883
171660
171680
173043
173812
175117
175741
175462
175878
177343
178602
178511
180402
181020
181970
183752
183765
185076
185957
186931
186214
188695
188026
188077
188602
190043
189518
190707
192564
194114
194842
194540
195661
196919
197618
198435
198877
198662
200329
200838
201414
200118
201338
202746
202648
203932
203438
204980
204447
205413
207124
207815
208779
208514
208364
210915
211562
210727
212317
212607
213705
215519
216984
217381
219149
219175
219975
220883
221441
221829
222411
222717
224062
223747
225844
227418
228193
227817
229412
230124
232696
232340
232904
234977
235063
236470
237344
238757
240047
240637
241804
243581
244486
245084
246599
245870
247299
249102
248218
248906
251198
251137
251677
252792
252768
254341
254916
254964
256405
258384
258441
259027
260571
263191
262144
264634
263833
265055
266305
267353
267512
267929
268028
270332
272086
272455
272699
274268
274902
276244
277085
276604
276723
277883
277930
280525
281354
282310
283036
285376
287108
288848
288033
289353
290307
290953
290580
291575
291393
292112
293390
295012
297820
299341
299393
299909
300737
301526
301738
302340
304382
303776
305801
306107
308449
306920
308216
309681
311248
311032
312187
314932
314563
315593
316328
319072
319208
320655
322899
323895
325698
326833
327125
328852
330395
330009
332047
331987
331303
333239
333190
334929
337496
336232
337722
337433
337504
338887
339631
342538
342981
343172
343623
344531
344959
346263
346350
346930
346855
349144
351202
351376
352689
355313
355178
354986
355819
355671
358834
359835
360646
362224
363034
363233
363885
364634
366287
367864
369049
369031
370407
370193
371475
371245
373280
375998
377882
378510
379857
380967
382784
384475
386256
386718
388013
388169
390178
392396
392881
392003
392238
391521
392646
394055
395948
395955
397163
399823
398178
401441
402448
402414
403744
404877
404489
405674
405565
405169
407646
408345
407899
411156
411572
412305
413910
413807
414126
415965
416971
418034
419647
419858
420041
421791
423907
426514
428922
428957
429562
431454
432609
432887
435051
436662
437573
438635
438940
439122
440493
441307
441701
442238
442963
446223
446608
447088
450347
450780
451167
453753
453545
453092
455146
456362
455686
456984
458660
459355
459567
461903
461366
462783
464612
467037
466044
465735
467006
468724
471653
472025
474082
475223
475158
476893
476701
478477
478593
481110
483371
483935
486439
487211
489981
490760
492124
491048
492584
492761
496057
497167
497786
498199
499583
499379
501705
503678
503226
504162
507139
507434
509608
509702
512061
512580
514185
516775
517002
518417
520578
519812
521713
522759
524000
524066
524455
525751
526192
528693
528673
530682
532939
535505
535430
536730
537688
538982
540311
541662
543690
545570
546755
548684
550813
553177
553279
556761
556022
557643
558036
559025
559943
561554
561573
563670
565385
564432
566558
565702
569338
571073
570358
572233
575448
574341
578235
580116
580977
581849
582670
584626
585748
587927
589917
592025
592569
593646
597661
598111
599795
600706
600977
601966
604238
604417
605829
607833
607624
609720
610886
611109
613018
617086
617834
621047
622760
624892
623723
626395
627340
628279
630233
632587
633984
636691
637120
639397
640445
641649
644103
644957
646037
647806
650950
653033
653991
655244
658210
660969
660451
660988
664026
662843
664768
666267
668153
670633
671392
673361
673617
675392
677183
677584
678711
681648
682013
683317
684257
684135
685189
688092
690763
693018
694452
696123
698904
699538
701890
703478
706153
708265
710524
711358
711967
713954
714056
716008
718436
720561
722649
725039
724633
727221
727308
729064
731529
735496
735335
735436
735641
737801
740882
742717
743734
746425
749831
751286
752116
752338
754589
755574
756267
755727
757459
760363
761650
763177
767070
766713
768772
770282
770931
773889
773878
776688
779129
779808
780805
781945
785821
788321
787140
789292
