576302
915
1420
58
152
2310
9646
7252
5266
6305
3551
3592
3176
8107
5722
10963
12099
1755
4493
13677
4088
11973
1806
14532
2823
5424
10826
10583
12392
11919
4816
11433
8998
6059
11437
3483
2029
13027
12085
2684
9727
6573
7371
5182
5914
5662
10721
15219
7075
3555
9039
14168
9876
15804
11127
8832
14229
16876
8718
10454
12741
14585
12303
14858
16565
8848
9761
10146
5474
11128
15106
10392
8594
14442
11591
16577
13105
8496
16772
9701
13273
16934
12491
14326
11438
10887
12766
16023
17124
11518
10074
19091
10540
17570
12684
18431
17365
16738
16937
18720
20035
14471
14788
13188
18240
13119
18476
18920
19819
16383
14668
16525
17581
17750
14857
20146
18069
20613
19915
15205
16922
20809
17333
20696
15806
18417
18508
19267
18867
20970
19764
21233
21709
20460
19924
21601
21279
20289
20881
21941
21362
20654
21386
22765
22110
21458
22659
23000
23567
22843
22713
23943
23532
23658
24994
24878
25185
25292
24738
26243
25506
26392
25814
26419
26785
27877
27891
27417
27326
28846
28750
28801
29031
29483
29818
30439
30972
31401
31504
31361
31378
32875
32575
32479
33711
34112
33582
34581
33689
35536
35043
35157
36146
35371
35355
36720
36341
36795
36517
36870
36858
36951
37537
39121
38901
38514
38949
39866
39527
40632
40556
40954
40987
42293
42197
43287
44185
44753
45300
45192
44124
44194
45808
45564
46705
47409
46372
46779
48102
47245
47377
48316
49259
48829
50402
50228
50608
50525
50628
50846
51476
52302
51906
52688
52881
52451
53423
53525
53208
53922
54405
54190
56725
55923
57271
57574
58270
57263
57308
58695
59218
60390
59905
60358
59883
61089
61490
61340
62694
63360
62382
63510
65493
64265
64794
65332
65853
66237
66964
68023
68113
68841
68307
68868
69698
69949
70409
69967
70954
71362
71365
72630
72556
73721
73637
74090
74367
74661
75524
75867
76296
75872
77100
77199
77665
78673
79322
80571
80541
79608
80850
81569
82025
82747
82769
84285
84269
84756
85944
86757
86488
86827
87494
87839
88295
88945
88201
89090
89985
90671
91140
92150
93494
93380
92775
93613
94559
95033
94989
95716
96702
98120
98356
99101
98526
98416
99881
101447
102450
103446
103822
104528
105034
106129
106656
106455
106647
107009
107816
108334
107225
108575
109015
109441
110061
110669
110454
110981
111670
112217
114122
114502
115138
116546
115748
115727
116890
116043
117056
117487
117522
117805
118997
120265
120887
120512
121881
122185
123091
124233
124837
125811
125458
126884
126964
126480
128566
128269
128097
129067
130409
130350
131062
131014
132687
132319
134009
134976
134346
134233
135538
135166
135391
135451
136728
137969
138481
138643
138818
139825
140215
140992
141016
141876
141345
141361
143077
144589
143926
145107
145853
146270
147161
148910
149134
150596
150795
150701
150693
151305
151944
152386
152180
152420
153170
155021
155788
156269
157789
158370
158764
160988
162005
161972
161043
162017
161302
163219
162583
163937
163216
163892
165379
166642
166431
166682
168512
168777
170053
172204
171325
173264
173194
173923
175293
176534
176057
175943
178450
178957
180396
180801
182463
182086
182215
183197
183088
183949
184965
184817
185398
186953
186833
187920
188400
189902
189503
189693
190902
191282
191523
190901
192317
192792
193201
194142
194909
195881
195036
195219
198219
198667
198111
200251
200444
201979
202498
204626
206380
206388
207563
207897
209597
209905
210419
212528
212757
214014
213573
215055
216271
215483
215519
217896
217410
218908
220785
220123
221081
222140
221947
223790
224119
225731
226385
226720
227546
227346
228414
231175
231301
232786
233418
233472
234794
234180
236252
236764
237142
237409
239156
238456
238878
239929
241952
242280
244785
244726
245956
247209
248373
249792
250303
251279
253395
253906
255409
256435
256761
258759
258868
261562
261650
261647
260940
262537
263996
264644
265738
265809
268131
268692
269048
269279
271229
269955
272685
273617
274638
276932
277127
278676
279621
281085
281883
282865
285081
284420
287231
287905
288459
288094
288806
290321
291876
293459
293815
295339
295338
295642
295496
296329
296962
298169
298921
299534
300291
300626
302795
303773
304595
305867
306066
308251
308171
310256
311355
311312
311669
311957
314226
314853
315828
316173
317772
317475
317664
319426
320616
321523
322690
322620
324242
324910
324426
325437
326604
327553
328360
329342
329884
330966
332356
335506
336320
336741
339209
340968
341899
342504
343556
345099
346779
346468
348168
349845
350371
351418
351325
352844
354736
354399
355435
357192
358192
358905
359339
360942
360901
361979
362344
364679
366746
366480
367997
370238
370081
371791
373510
375317
375447
378634
378482
380303
380295
380081
381327
381307
382317
382750
383122
384067
384897
385009
386113
386694
388119
388988
391620
392915
393190
394853
395910
397515
399864
401452
403696
404789
406388
407174
408213
409299
410444
410567
411476
411386
411550
411072
414095
415267
415868
418155
420324
420119
422987
424775
424385
425646
424744
426755
428161
429874
430587
432824
434124
436082
436279
437135
438406
439639
440215
441084
441797
441213
442317
443290
444647
446906
448506
449807
450193
451130
453089
453652
455073
454644
455528
457767
459747
460962
460973
462979
463622
465766
467038
468953
470144
470074
470818
473550
474578
475552
475002
476416
477324
478699
479469
481044
481894
481315
481337
484824
486472
486585
488805
491325
492736
494172
495468
497601
497660
498393
498518
498469
500416
501910
503548
504926
507293
508454
508388
510174
510756
512881
513550
512887
514731
516223
516617
519298
520888
522922
523160
522564
524455
525500
526427
526617
529037
530535
530258
532487
533951
535898
535390
536089
539958
540177
539536
540137
539675
541452
542347
543637
544382
546942
548071
549204
550116
550572
553299
553977
557188
558676
560745
562362
563121
565660
566204
568667
569966
570863
572105
572230
572821
574622
576931
576944
580310
580194
581635
584083
584035
586880
587586
587430
588371
589508
590478
590056
590251
593128
593849
594221
595739
595616
598250
600793
602070
604215
604514
606020
606610
608939
611337
612786
614402
616959
617470
617921
618584
620037
621090
623449
625520
626714
627437
627685
630609
631046
632328
633816
636057
636468
638166
638883
639184
642240
643815
647122
647464
647713
651954
651500
654319
656593
657307
657246
658650
659701
660174
662381
662990
664742
666342
666613
666761
668331
669258
669518
672304
672687
675058
676011
677900
679509
680157
681481
683421
684080
683982
685416
687146
687711
688621
691594
693127
694175
694632
695835
697006
698732
700835
702235
702539
704588
705628
706032
708222
708026
708754
709154
710316
711072
710699
715337
715475
717436
718430
719750
722027
722845
722854
724630
723999
725900
727767
728493
730835
732084
732624
