136222
10020
4094
7957
4789
8100
10391
10431
7973
5232
867
1067
675
11607
6735
11894
7965
11617
4674
7027
5100
5042
4170
6888
3689
7015
5538
13617
6492
9835
9536
8820
13878
8059
10643
3218
9341
8423
4232
6912
8651
11208
3647
8400
15655
7193
4952
12017
3632
4786
12355
8262
4027
16248
14587
11797
11134
5931
5077
9160
13017
12381
5865
11728
15836
16741
13721
12320
17104
13434
17079
17863
14449
11919
17836
19541
14571
15255
13862
16527
13205
8854
8930
19674
12820
13932
10046
13507
14359
16920
17149
10842
15373
19136
19624
19474
14763
15086
18025
13661
16258
21571
19751
21083
21238
21840
13544
13110
17256
19447
21647
18624
21748
18756
20065
16212
18697
20822
20054
22185
21724
15247
21959
17820
22255
20355
20190
17518
20994
21711
19272
17816
19099
22535
18320
21602
22979
22980
23232
22778
21287
22576
20868
23235
23737
23034
22130
22464
22588
22841
23448
23419
24038
24096
24796
26658
26814
26558
26803
27142
27830
27464
27498
26779
27025
27256
27220
27323
28235
28399
28939
29507
28263
28964
29166
30118
29921
30734
30772
30360
30947
31551
32030
30977
32597
33020
33359
32429
33674
32849
32907
34144
33958
34119
34815
34000
35203
35142
36150
36052
36383
38235
37188
38070
38958
39575
39011
39460
40363
39852
40952
42780
42666
43170
43864
44260
45168
43860
45230
45378
46093
46314
45879
45532
46288
47153
47848
48990
48347
49413
48997
50801
50235
50718
51507
51677
52047
51499
52487
52800
53114
53760
52829
53961
55283
56026
56234
55261
56534
55741
56859
57340
59077
59087
60445
60067
61257
62000
61432
60627
61352
62557
63045
62159
63106
63155
64346
65636
64744
65301
66048
65187
65745
65685
67283
66952
67783
67757
68015
68292
69302
70920
71209
71201
71523
72580
71415
72849
73307
73544
73233
74561
74507
74716
75687
75530
77485
77211
77441
77451
78850
80056
80892
81786
81357
83201
83826
83977
83990
84700
84795
85111
86341
86207
86158
87092
87438
88980
90147
90070
90117
90987
91662
91068
92319
92868
92272
93654
92608
94049
94815
94775
95140
95175
97200
96203
96346
97401
97965
99009
99057
99874
100463
101687
101520
102669
103698
103172
103788
104027
104811
105482
106591
106742
107259
108358
107424
108557
109632
110622
111418
112009
113541
114090
114869
114996
117040
117103
116466
117512
119218
119548
119642
120918
121478
121999
124367
124329
125613
125987
126794
126205
127324
127615
127661
128042
129126
129382
130695
131102
132311
133074
133004
134768
135513
135692
137012
137871
138531
138665
139202
140551
139590
140865
142184
142128
144522
144494
145665
146454
147913
149059
150280
150927
150891
152328
151408
151930
152172
151543
153046
154418
157069
156245
157533
158224
159337
159265
159822
161492
161340
161224
162401
163882
163438
164981
166503
167343
167834
167992
167972
169070
170721
171763
171850
173094
173057
173596
175641
176199
176800
178437
178355
178824
178798
179752
181335
181153
181764
183164
184349
185026
184694
185622
185408
186762
186813
188720
189506
189941
190607
190497
191342
192919
193331
193851
194746
194990
196406
197368
196799
199177
198493
199755
199298
201023
201211
202762
202658
204157
205766
206131
206614
206301
208341
208791
208559
210526
210978
212819
214126
