119400
12114
5585
12447
1212
7876
373
3221
7575
11912
4076
436
219
8965
867
1532
13082
9094
16385
3285
5290
5481
11477
12372
1395
2523
5752
17691
1940
8463
18217
15080
9880
7861
1905
10389
10543
11109
6811
19204
8106
7171
4789
2710
12818
14135
2945
13647
14767
11195
6047
5732
21070
19003
13044
14655
14754
16711
10309
16053
9532
7182
20969
20490
18659
22646
7192
20668
12391
13281
20494
7015
18410
8758
21487
22567
16479
13599
19660
13457
18673
22422
17976
8217
21265
20159
14591
13181
16284
23461
24435
11989
17624
15407
17295
11834
11541
19558
21497
20069
22746
15798
12572
15476
21500
18130
19478
17664
22763
13927
18981
16653
18585
17549
23424
17379
20193
16275
21274
13030
26681
26631
17109
24456
19612
15355
23588
24986
23786
22969
24792
21466
20907
19685
19519
24263
27112
25714
26819
21934
27520
25190
21691
22364
25118
22982
24312
26998
22995
26851
18764
23797
21092
21737
23561
27739
27469
23236
26141
27884
27148
25870
25846
27748
24311
28237
26317
27924
23514
26279
24779
23485
24892
28445
27794
26635
25779
27341
27932
28193
27530
28416
28179
27827
28531
28879
28803
29724
28855
30331
28927
30792
30921
30833
30947
31369
32261
32118
33787
33127
33516
33724
33558
33588
33698
33935
35903
35784
35317
35405
34779
35237
34933
36621
37226
36431
37626
37731
37250
37032
37357
37807
38761
39575
38452
39468
39009
39477
40682
39632
40177
41940
40917
41650
41223
41982
41256
42056
41720
43014
43036
43283
44026
44568
44733
45592
45383
47015
46942
47665
48261
47283
48834
49270
49239
50261
50908
51456
51358
52796
52915
53251
53783
53135
53600
53644
54234
54243
54373
55373
56132
55478
56888
56756
57933
58986
59008
59130
60291
59767
59603
60623
60793
60985
61066
61838
62364
63524
63942
64481
65675
64732
66212
65964
66761
66635
67336
67664
69693
70207
71146
71567
71491
72561
72501
73363
73712
73923
75634
75158
76056
76113
77096
77340
78007
78122
78347
78572
78805
79965
79958
79689
80252
81989
81695
82101
82829
84523
83586
84533
84976
86113
86045
87395
87438
87962
89118
90114
90488
90286
91994
91909
92983
93551
94400
94775
95488
96114
95638
96267
97548
97909
99186
99162
100597
100179
101681
103255
103841
103322
103942
104957
105944
105675
106928
106854
108442
108510
110103
110322
111453
110281
110652
112066
112283
111691
111735
112216
113012
115263
115713
116373
117681
118363
119517
120479
119120
121287
121305
121617
122545
123754
124153
124555
124451
125331
126109
125907
127464
126891
127250
128054
127965
128877
130014
131134
130418
131718
134555
135224
134884
137010
136484
136617
138551
138016
139766
140618
141024
142067
143575
143299
143652
144475
144530
145309
145565
146961
147535
148300
149072
150326
149499
150316
150849
151372
151599
153081
152761
153057
154038
155367
155273
156146
157509
157089
158008
159406
159827
159739
159854
161775
162758
163537
162620
162689
164109
163846
164849
166487
166017
167995
168155
169117
169463
170805
171552
172296
172703
173746
175424
175977
175448
175641
176759
176538
178411
179517
180112
181755
181879
183817
182937
184932
184869
185371
185366
187562
187360
188218
188944
190979
192386
192043
193741
194304
194393
196447
196372
196876
197274
