128346
3952
1669
5756
1039
1655
122
631
1629
236
320
4023
831
1511
1580
494
3373
1444
1210
7451
1951
1206
8715
1930
8074
9981
9368
3646
8739
2491
3542
8689
8298
9684
9903
10400
9705
6622
10156
4316
8281
4089
3244
5175
8972
12854
11744
10286
9732
11640
12575
12703
7655
4363
6185
8422
11815
6596
8088
13791
6868
11067
8731
14333
14834
12957
10147
6677
8604
7255
14858
15661
15206
11004
7553
12448
13635
14355
11235
11532
12623
10391
13348
9797
15280
13621
10981
13808
14097
12796
17509
14607
15592
17291
16324
15481
16995
13210
15121
18339
13235
16858
14837
15318
15682
16024
16862
14506
19420
16445
19404
17925
18243
19211
16043
18239
18363
20157
19931
20616
20100
19850
19844
17538
19691
18024
20638
20815
20835
21339
20240
20653
18545
18769
21007
19744
21854
22484
20524
22294
21761
22006
21810
22822
23303
22727
23323
23553
22646
23571
22818
23532
23781
24940
25279
25653
24926
25149
25375
26081
25286
26233
25938
25597
27079
26611
26979
26780
26857
27174
27613
26907
28125
27433
27382
28583
28748
29064
30018
29267
30483
30126
31078
30217
31270
30819
31379
32455
31493
32737
32264
32527
34460
33827
34942
34837
34261
35072
36078
36256
37329
36519
36526
38157
37521
37952
37582
38161
39594
39506
40028
40905
40667
40920
41093
42389
41766
42702
42713
43943
43478
44872
44197
45076
45560
45398
45874
45638
47301
46971
46795
47174
48198
48915
48503
49321
49528
50027
50203
49963
50308
51173
53048
52765
52923
53884
54815
54702
54810
54478
56315
56466
57389
57093
57407
57816
57767
59236
58756
58640
60105
59217
60376
60571
60538
60403
60983
61627
62439
62386
62890
62777
63726
63663
65111
64587
64526
65481
65038
65435
66085
66108
67269
67824
68077
69470
69105
69538
71128
70936
70498
71651
72039
72192
73804
73654
73981
74499
75158
76244
75644
76218
76796
77929
77479
78112
78089
78975
78388
78510
79534
79362
81003
81392
80510
80969
81466
81858
82638
83724
83488
84213
85253
85055
85695
86808
88309
89518
91225
90778
91239
91836
92010
93580
94451
93639
94738
94849
96638
96518
97067
97359
98336
97804
98932
98384
100071
99525
100756
100997
102022
101828
102213
104065
104138
105714
105811
106139
108497
109611
109607
109953
111265
110726
112269
112020
112972
114136
114926
115450
116464
115885
116556
116640
117204
117864
119240
119375
120357
121817
121377
122849
123343
124475
124605
124897
125354
125653
126303
127125
126272
127777
129057
128754
130319
131250
131672
132603
133332
132624
133892
134250
134186
135926
135498
137490
138122
138409
138639
140255
140947
142526
143151
143428
144492
145374
146576
146407
147732
148673
148764
149602
150966
150386
151769
153653
153612
153843
154565
156616
157208
157221
158504
159030
160276
161340
160747
162234
161762
163554
162748
162720
163791
163951
164021
164830
166045
166807
167181
167354
169403
169141
170511
171246
172664
173181
174540
173993
175212
176286
176744
177570
177579
179007
179077
178573
179547
179420
180295
181813
182291
183838
185170
184934
185773
187032
187919
188420
189010
188725
190932
191304
192454
193387
193796
194216
195021
197102
196982
198103
197524
198120
199440
200652
200913
202396
202666
202053
204254
204783
204913
