617762
4099
796
9514
680
10424
3554
6272
12126
5876
14026
7163
8094
348
1122
2516
14650
15707
15233
1762
5926
15860
6689
5969
7685
12985
7492
16413
11412
10915
3349
9429
16472
1557
14360
14523
13975
8538
8076
3090
14047
14043
10973
2678
1829
2743
11612
4870
16345
17282
6554
11668
18159
11853
4996
12948
11123
13232
3056
6715
8405
18040
17053
7623
13767
17124
4397
17222
14881
11794
15644
12303
6574
8272
12419
10988
10092
17719
7459
12249
17465
19103
16095
13377
19385
18673
14961
19240
16320
15735
13727
8186
15377
12696
15734
12205
8657
16035
12006
15350
13273
19541
19161
15744
13767
18830
15977
12599
16615
10944
16643
19774
11928
18015
20342
16176
18397
20172
18830
13066
18160
20196
19419
19975
15283
14088
17836
15522
18055
19292
16052
20452
20149
18994
17591
20949
17148
18163
17431
20059
21293
21701
20843
19921
21263
21176
20950
21965
22167
21664
22262
21548
23219
22649
22835
22661
24072
23772
24269
25330
25821
24261
25957
25848
26102
26229
25673
26295
25823
26750
28094
28373
28312
27769
27994
28169
28447
29719
29328
30794
30255
31791
31139
31267
32415
32231
32725
33735
33668
34011
33941
34369
34670
34510
35824
36424
35739
37132
36488
36747
36737
38543
38679
38729
39505
39833
39323
39310
40002
40729
41797
41460
41017
41227
41548
42308
43618
44248
44447
44590
44505
45225
44911
44921
46095
45736
45000
46659
45805
45872
47140
47661
47986
48446
49616
48800
49826
49089
49995
49934
50528
50952
51171
52415
53008
52284
52338
54272
54076
54190
55232
56288
56254
56134
56036
56830
57324
56917
57000
56653
57829
57374
59141
60350
60378
60821
61254
61587
61170
62281
61729
63326
63096
63849
62954
64163
64793
65360
65793
66170
66859
66898
67021
67420
69571
69571
68587
69981
69318
69924
70731
71910
71992
71792
72657
73344
74727
74745
75177
75561
76067
75824
76391
77209
77014
77637
77923
78487
78545
79676
80192
80670
79913
79616
81016
80956
81469
83254
82828
84455
83508
83709
84284
83937
85257
85122
85496
86294
86374
85996
87252
87344
87535
87782
88071
89046
88766
88991
90554
90119
91678
91592
92431
93202
92793
93550
94701
94555
95162
95728
96471
96049
98165
98371
98940
99861
100299
100799
101018
100924
101351
102929
102178
103861
103839
104049
104095
105095
105545
106119
108063
107726
108476
108517
109891
108877
109539
110773
111453
112042
113787
113854
113719
114584
115578
115022
116928
116683
117323
118850
118352
119580
119270
119901
120507
121168
122052
121932
123257
124497
125354
126378
127956
128271
130282
130996
130481
130728
131774
131609
132180
132826
134199
135471
135729
135677
136648
137320
138114
139552
140376
140319
140201
142301
141516
143340
143506
142163
143885
144749
145024
145809
146901
147641
146931
147887
148256
149696
149687
150635
151282
151270
152047
153747
153225
153405
154685
155359
155557
155623
156807
157130
157344
158903
159034
160548
160261
160585
161724
162299
163513
164168
165535
167468
167339
168930
168725
168851
168790
169083
168539
169257
170363
170713
170639
172397
172453
173197
174005
173972
174537
176501
177686
178407
178831
178976
180173
181057
181124
181953
182614
183629
184458
186584
186914
188941
188962
189358
191939
191310
191801
193096
194763
195938
196965
197161
198463
199823
199964
201059
202589
202715
202992
204459
204488
205940
207149
207325
208807
209493
210069
211213
212413
211693
212374
215758
214666
216605
217898
217328
219066
219968
220626
222111
223291
223333
223897
224193
225949
226428
227845
228251
228882
229877
230076
231565
231587
232534
233698
233279
234147
235306
235418
235879
238379
237910
238577
240231
240387
241170
242909
244417
245772
245988
247134
246909
247204
248711
249585
250377
250452
252921
253414
255425
255962
256810
255960
257250
257335
258509
260939
261376
262373
263053
266072
266049
267331
268484
269629
269955
270042
270922
272068
272675
272904
273889
275827
276294
279002
279800
278902
279948
280687
279922
281139
281465
282679
282581
283912
284580
286644
285930
287727
287479
288984
288693
290889
292469
292231
294138
295030
294941
295116
296509
296604
297463
298389
299689
299042
300046
302877
303487
304222
304989
305770
306263
307521
308599
309678
309933
310810
310836
312751
312426
314119
315589
315325
316025
316568
317261
318285
319719
321620
320838
322086
323856
324196
325089
326016
327805
327720
328715
329391
330253
330824
332635
333759
335462
337319
337940
339115
340707
341944
343543
343469
344676
345118
347076
346556
347221
348631
350048
350288
352509
353726
355933
355763
357141
356597
357934
358918
360489
360974
363161
363983
365911
365894
367173
367377
369310
370698
371261
373770
375329
374623
375578
377549
378507
379086
379556
381144
383215
383299
385045
385024
384318
386189
386968
388514
389047
389602
390240
389360
391361
393467
394963
396357
396800
396077
396215
396516
397745
398406
400415
401658
402136
404117
405132
407338
407643
408209
408890
409572
410287
412035
413156
413106
415781
416122
417852
418186
418890
419655
421530
423155
423412
425272
425227
426090
426565
428733
430782
431747
433313
436086
437424
438508
440390
440682
440230
441715
442545
444479
445527
444978
446605
447072
447745
447817
449070
451082
453558
453607
453472
455258
456242
457846
458320
457781
457495
460465
462382
463353
462746
465441
468417
469447
470618
471607
472947
474807
476585
478178
480213
479795
480511
481740
482514
482772
484954
486960
487544
489164
490194
493217
495503
497151
498719
501202
501926
503973
504848
507798
507436
510710
511849
514427
514811
515986
516450
518063
519185
520679
521620
523683
523991
526531
527718
528926
530775
533239
535842
535806
538761
539630
540550
542175
544736
545552
547070
547232
549758
550443
550804
553326
555294
556976
558699
559669
562329
563303
565009
565732
566530
568961
570674
571352
573999
575557
575861
577776
578829
581641
581463
583792
584534
586032
588154
590214
591458
594365
595952
598187
598218
601740
601644
604996
606590
608418
609716
612006
612235
613732
614765
614909
616977
618982
620728
622557
623899
627879
629865
629776
630350
631762
635040
637162
639851
639949
641135
644409
644495
646681
646954
648701
651005
653995
655897
657115
659824
660953
661883
664487
665404
667859
669172
670427
672959
675566
678516
679691
680362
682152
683672
683910
686539
688219
689297
691047
693025
695164
694630
696208
696289
696335
696951
698475
700073
701958
703038
703224
705755
706347
708774
710164
710146
712021
713040
714298
714715
717727
718730
721332
722247
724530
726354
728663
730440
730995
732282
735253
735913
736348
736985
738876
739033
741627
743191
744071
744225
744610
745098
745711
745940
747477
749186
748845
752457
753241
755686
758567
758648
761082
761555
764043
764420
766419
768421
769918
774007
774549
