637602
2349
551
92
1062
408
1999
1379
1067
3937
373
2006
3697
1029
1872
1619
1371
3755
3496
5871
2198
8327
5156
5699
8016
2830
4499
7685
1959
4548
8891
2681
5053
2463
4166
7528
2925
5231
6219
2584
2412
2553
3805
5327
8451
5052
4643
9084
3859
11021
9456
3700
10612
7805
10982
5813
10905
6441
4255
8420
6331
11815
12836
8366
12686
11387
11703
6915
7103
11102
7667
10050
7590
10490
10006
12365
11333
9585
9695
11570
9422
12934
11676
13762
13105
11306
13109
15694
11901
14890
11421
13669
14152
15683
14123
14073
12001
14185
11904
15652
16770
15567
14450
16765
12724
16058
14646
15836
15719
17410
17100
15378
17739
15758
14385
16336
18681
17468
18393
18730
15604
16468
17388
18214
18604
18530
19426
17127
18776
17043
17220
20050
17928
20828
20614
20691
19529
21064
19665
19441
20246
21445
20832
21519
20731
20798
22193
22242
21301
21627
21917
21851
23533
23663
22962
23819
23704
23641
23587
23478
25415
25202
25346
24906
25263
25558
26698
27352
28128
27871
29096
28293
28614
29087
29517
30197
30497
31122
31099
31020
31959
33217
34265
33577
34875
33830
35002
35105
34656
36167
36558
37108
37149
36978
37069
38782
39137
39180
40065
39286
40096
40168
41120
41097
41214
41923
42408
42477
43178
42344
43433
44143
44015
43426
44054
45095
44946
45562
45558
45971
45908
46653
47592
47641
47775
47183
48330
48032
48155
48295
49967
50677
50240
49897
51416
50653
51372
50058
51036
51234
52556
51696
52961
53097
53292
54570
55381
55322
55656
56221
56553
56420
57002
57746
58041
58247
59102
59536
60363
61457
61060
61492
61645
62486
62318
61791
63233
63169
62720
63942
64684
63902
64134
66106
66604
66251
68110
68689
68602
69212
69563
69105
70376
69681
70801
71274
71227
72345
71778
72258
73656
73377
73705
74371
75613
75659
75725
77403
76957
78153
77863
78037
79388
80070
79702
80137
81547
80761
81687
81622
81998
84071
84934
84267
84783
84733
85490
85580
85731
86058
86953
87848
87831
89023
90410
90377
90517
90779
90379
91330
92177
91979
92239
92513
93671
93222
93454
95058
94467
95748
95546
96657
96791
98250
97899
99472
98870
98572
100062
100975
100634
101774
101247
102989
102389
102221
102816
104081
103942
104123
106113
106373
106916
108063
107804
109147
109886
110524
112044
112561
113578
113744
113704
114250
115436
115799
116142
116578
116361
116893
119145
119971
119827
120678
122218
121638
122403
122704
123202
122591
123985
124446
124825
124865
125184
125384
126822
127395
128758
128580
128835
130759
130688
130960
131789
132066
133738
134239
135894
136282
138323
138274
138094
139156
139222
139904
139030
140297
140254
141485
140753
142045
142325
143013
143095
143251
145737
145748
144743
145816
146051
146317
146189
146725
148848
148139
149571
149342
149728
151133
151415
151974
151410
153270
153097
154969
155443
154895
155310
156105
156694
156928
158717
158190
159558
159525
160122
161540
161664
162243
163260
162810
163465
164014
165167
166815
166475
168064
167401
168118
168384
169042
168935
171678
171746
173636
175346
175473
176774
175923
176952
177925
177157
177052
178702
179268
179385
180127
180043
180543
180020
180124
182407
182737
181766
183867
184486
185249
184684
185905
187167
188600
189078
190339
190405
190818
191869
193189
194554
194092
196027
196229
195725
196671
197780
200205
200373
200597
203538
203824
204063
204445
205238
206621
206932
206918
207204
209684
210270
212019
213299
213248
214981
216500
217279
218200
217594
219235
219819
220656
222081
224005
225138
225697
228149
227654
228116
230450
230683
233272
232985
233073
235492
237086
237680
239356
240775
240228
242169
242827
243455
243366
243744
245211
245753
247872
249007
251281
251818
252576
253779
255784
255601
256968
257985
258685
259828
260541
261409
263020
263623
264798
265807
267573
266658
267666
268360
269176
271907
272950
274412
276285
277762
278169
278758
279434
280561
282018
284089
284706
285006
286897
288937
288771
289794
291898
291753
292125
293585
293513
295380
295574
296151
297565
298965
299541
299318
301895
302248
301944
303365
303957
304987
306417
307563
308271
309209
311498
311335
311844
313154
314541
315410
315194
316112
317638
318892
320362
321009
323620
323865
325425
326648
328212
329113
329623
330946
330450
331497
333298
334563
334896
336995
337502
339575
341118
341815
342248
343102
344820
346573
347828
348108
350629
350426
350677
351129
352468
352521
354270
355328
357175
357301
357988
358594
360151
362053
363228
365338
366087
367899
370176
370608
371449
370215
372612
374386
375122
375153
376607
378446
379876
379541
382137
383645
384389
385234
384511
386505
387235
388304
390532
390964
392936
394654
394960
396227
397600
398707
401207
401966
403023
403816
404158
405700
406977
407554
409712
411343
411764
412349
413270
414633
417198
417333
418422
420491
421443
422597
424058
425088
427008
427085
429124
430101
430642
431443
432823
432969
434273
435170
436710
437591
439203
440371
440977
441365
442487
443644
445158
444530
445552
447336
447048
449972
449985
450991
450770
452363
451690
452643
453118
454465
456209
457906
458549
458892
458519
458816
460394
460623
461675
461618
462325
462708
465436
467858
468234
468489
468913
470093
471509
472711
475265
476829
477230
479724
481445
480755
481655
482238
483148
485983
487259
489858
491165
492994
493933
494954
495806
497718
499984
500301
502401
503442
504221
505373
507426
508152
509079
510181
512899
513253
515625
514979
517232
519997
522067
521523
523659
522965
525020
524673
524885
527182
527805
527684
528966
530334
530795
531178
533438
534408
536955
538824
539735
541042
543487
545154
548297
548906
551717
553584
553353
554850
556387
558459
559731
560909
562118
563208
565220
565760
566535
569248
570482
570565
572410
571755
574112
576748
578510
581088
582429
583831
583280
586862
586686
589877
590817
591883
592903
593133
595293
595017
597850
597674
600711
601568
603170
602844
603807
604244
606459
607614
608432
608304
609848
610617
611740
614369
614280
616584
619260
621638
623646
623256
625838
627366
629848
631523
632330
633853
636876
637399
637772
637819
641008
641174
641838
644305
644841
647280
648805
650498
652928
653241
654237
655647
656474
657990
658617
661212
661272
663130
664845
666149
668299
668189
671000
673486
675358
677035
679297
681084
681518
683789
686193
688027
689699
691631
692932
693216
694780
697111
699918
702127
704912
707123
709346
711677
713323
716479
716398
719030
719966
723875
724736
725190
725866
727260
729273
730367
731403
732620
731775
734019
734170
736990
739637
741202
742757
744050
745311
748573
749802
749455
752539
753531
754406
757440
759751
760857
763416
765737
766963
769576
771613
772396
773516
775143
777600
779909
780366
783973
784944
786646
787255
788600
791755
792618
