597939
9644
3001
741
11927
349
4702
9331
254
5223
1435
807
616
1744
2982
11884
7596
2243
3278
10535
5043
4144
5534
8458
2099
12102
12885
1247
6985
10026
3459
11604
6018
2271
12005
9800
1593
2393
6667
11721
6740
16610
10253
3662
8117
17566
16017
17064
7404
5311
11811
6959
13804
14360
16344
12493
6059
3882
13884
7585
9915
17662
14246
8555
10899
17887
14000
17695
17512
8942
5472
7648
13454
13926
18008
7972
8898
10839
13730
9725
19874
15917
9556
12892
12142
16887
8835
19014
14544
8923
13729
16376
14939
18797
16962
12258
21783
20194
11543
20120
16239
18324
14999
16835
13497
15252
17558
21314
15072
10667
19253
18756
17038
14896
22128
20301
17437
19242
23652
21943
19537
22259
22199
17049
23233
22702
22674
23428
22276
24443
21798
18486
24695
23338
20840
16828
20632
23366
23712
25318
22239
24681
23039
25712
25136
24783
21131
23411
19843
20716
25496
22279
24427
24444
21259
26273
26114
25173
22274
23994
23230
26649
26295
26436
26123
24211
26964
26900
27346
27327
26978
26049
26935
26767
27361
28239
28387
28185
28542
29379
29059
29126
30027
30136
30402
29478
31187
31090
30404
31281
31881
30822
31396
32796
32341
33288
33284
33358
34388
34110
34698
35324
36015
35633
35322
36083
36279
36465
37347
38358
37026
38879
37962
38637
38998
39644
40023
39949
41032
40968
41753
41184
41751
43436
42970
42880
43897
44501
45021
45575
45803
45747
45842
45818
46670
46612
48242
47790
48361
48569
49816
49486
49458
50048
49500
49887
50869
50882
51006
51433
51104
51979
52297
51871
53733
54201
54063
54753
54997
54786
56688
56604
56565
56192
57181
57654
57330
57247
57485
58570
57946
58559
59971
60743
60293
61366
61523
61310
62912
62618
64139
64999
65211
65215
65604
66557
67638
68051
67444
68069
67938
67965
69317
69719
69809
70536
71030
71075
71617
72399
73475
73396
73241
73143
74254
74987
74646
76140
75707
76234
77077
77204
77791
77916
79492
78885
78659
78958
79688
81140
82500
82142
83370
84158
84795
84409
85012
85286
84566
85472
86240
87199
86682
88784
89140
89310
91012
90546
91895
91634
93606
93552
93657
94537
95222
95803
95583
95667
97270
98335
98811
99164
99851
100453
100448
101912
101618
101513
102412
102031
103197
103154
104352
104608
106449
106238
106910
107260
106899
106822
107513
108428
110477
110410
111560
111496
111145
112900
113910
113382
114234
114912
115023
115851
116041
117286
119335
120467
120346
120397
121953
122561
124351
123633
124124
125841
126409
126335
127556
129260
128775
128389
129674
130412
132061
132176
133698
133868
134082
135693
135926
137278
138379
138616
138136
138361
140387
140695
141740
143279
142141
142136
143723
144809
144232
144528
145310
147023
147775
149004
149527
150978
150727
151028
152603
153823
153880
155533
156340
157470
158057
159067
161133
162106
161511
161789
163317
163796
164754
165964
166738
166522
166023
167032
168989
170269
170012
170978
173567
174495
175409
176798
176653
176144
177491
177549
179090
179968
179171
180440
180127
181203
181067
181555
182838
183337
184404
186397
186517
187194
187947
189828
189607
189652
190306
191718
192841
192441
192887
195010
194816
195230
196271
197675
198728
197776
198739
198339
199939
200417
201282
203272
203349
204334
205572
206781
207296
208122
208414
208652
209743
209504
210829
212441
213258
214283
216138
215813
216129
216462
216513
217103
218265
218660
219894
223111
222772
222248
223248
224717
224895
225400
226469
227314
227759
228245
229568
229143
229866
231054
231938
233364
234432
234677
234970
236901
237392
237145
239208
238406
240757
241340
242872
243489
244039
246219
245679
245853
246435
246269
247315
250181
250113
251629
250760
252597
252367
252406
252808
252809
254200
255109
255761
255401
255610
256878
257969
259623
260329
261432
263002
263627
263867
265394
266707
267034
266413
267148
269257
268495
269028
269768
272154
272005
274386
275079
276069
277293
277469
277803
278862
279299
280410
281127
280906
282895
283762
284604
286092
287940
287026
288847
289737
290789
292544
292445
292655
294184
294613
294821
297189
297135
297130
297634
297385
297738
298652
300402
301149
301229
301745
303162
304836
307659
309374
309567
310755
311940
313386
313254
313395
314274
316199
317193
317710
319414
319421
320861
321981
324025
323952
326888
327598
329411
329583
330934
332538
333056
334172
334008
336455
338672
338223
339943
341985
343056
345185
345836
347845
349022
350096
351803
352534
353977
355374
355174
356198
356954
357651
359591
361259
363410
363392
365728
365791
367493
368594
369688
371783
373425
374918
375441
376341
376671
377768
378896
379862
381025
380545
383139
384341
383711
384518
384385
385292
386853
388460
390045
389313
390684
391046
392569
393518
395805
397049
396877
397723
397970
399802
401281
402327
403356
403495
404309
404379
406117
408210
408185
410585
412033
412687
413458
414970
415851
416647
417285
419465
421829
423539
426244
427356
429380
431474
432967
433054
434456
434005
435215
436680
436642
438531
439692
441615
442891
445094
444776
445645
448599
450774
450714
452298
454281
456364
456782
456461
456944
458507
458771
458153
459099
461104
462397
464422
464056
465252
465243
467278
467923
468351
470267
471974
472082
474668
477004
476100
479477
480704
481356
484807
485779
487791
488471
490770
490565
493040
494991
495680
496900
496922
499322
500738
501777
503270
503490
504120
505676
506805
508528
510318
511545
512408
513220
514687
516049
517333
519420
520440
522916
523536
523768
524984
527240
530022
530994
531310
531097
532751
534549
534809
535511
536875
538722
541112
541365
541681
542678
543146
545147
546517
547927
548817
548211
549231
551097
552273
553911
554058
555230
558249
557534
560153
560253
561376
562578
561710
565052
566520
568780
571235
572197
572341
574858
576705
577610
580689
581575
581364
583874
584754
585006
586907
587401
587093
589524
590803
592932
592775
593513
596124
596050
597616
597246
596840
598083
600742
602921
603558
607262
607277
606731
608396
609320
611167
613218
614322
614623
615022
616084
616317
618733
618875
618696
619694
620840
623031
624275
626832
629482
631150
632216
633170
635452
637862
637274
638612
641029
643374
645748
647791
648484
648582
650943
651275
651991
652393
654751
654881
657580
660068
662038
662424
666265
666824
669308
669915
671786
674551
674695
676074
676958
677536
677401
678341
679080
681601
682835
684369
686415
687530
690666
690863
692379
691771
694348
694374
696232
698129
698856
701037
701027
702078
701688
704256
705802
705371
706075
709401
709315
709861
711367
712216
713724
714412
715521
717202
719167
721884
721152
723945
725846
727707
729032
731042
732445
735565
737141
738033
739807
739450
740440
741832
743075
746543
746452
748606
750985
753227
754347
755744
756904
759636
